[28-Dec-2017 03:28:55 UTC] PHP Warning:  Missing boundary in multipart/form-data POST data in Unknown on line 0
[28-Dec-2017 03:28:55 UTC] PHP Notice:  A non well formed numeric value encountered in C:\xampp\htdocs\api-beautech\lib\Helpers\Utils.php on line 12
[28-Dec-2017 03:28:55 UTC] PHP Stack trace:
[28-Dec-2017 03:28:55 UTC] PHP   1. {main}() C:\xampp\htdocs\api-beautech\index.php:0
[28-Dec-2017 03:28:55 UTC] PHP   2. Slim\App->run() C:\xampp\htdocs\api-beautech\index.php:43
[28-Dec-2017 03:28:55 UTC] PHP   3. Slim\App->process() C:\xampp\htdocs\api-beautech\vendor\slim\slim\Slim\App.php:296
[28-Dec-2017 03:28:55 UTC] PHP   4. Slim\App->callMiddlewareStack() C:\xampp\htdocs\api-beautech\vendor\slim\slim\Slim\App.php:388
[28-Dec-2017 03:28:55 UTC] PHP   5. Slim\App->Slim\{closure}() C:\xampp\htdocs\api-beautech\vendor\slim\slim\Slim\MiddlewareAwareTrait.php:117
[28-Dec-2017 03:28:55 UTC] PHP   6. call_user_func:{C:\xampp\htdocs\api-beautech\vendor\slim\slim\Slim\MiddlewareAwareTrait.php:70}() C:\xampp\htdocs\api-beautech\vendor\slim\slim\Slim\MiddlewareAwareTrait.php:70
[28-Dec-2017 03:28:55 UTC] PHP   7. Slim\DeferredCallable->__invoke() C:\xampp\htdocs\api-beautech\vendor\slim\slim\Slim\MiddlewareAwareTrait.php:70
[28-Dec-2017 03:28:55 UTC] PHP   8. call_user_func_array:{C:\xampp\htdocs\api-beautech\vendor\slim\slim\Slim\DeferredCallable.php:43}() C:\xampp\htdocs\api-beautech\vendor\slim\slim\Slim\DeferredCallable.php:43
[28-Dec-2017 03:28:55 UTC] PHP   9. Tuupola\Middleware\Cors->__invoke() C:\xampp\htdocs\api-beautech\vendor\slim\slim\Slim\DeferredCallable.php:43
[28-Dec-2017 03:28:55 UTC] PHP  10. Slim\App->Slim\{closure}() C:\xampp\htdocs\api-beautech\vendor\tuupola\cors-middleware\src\Cors.php:86
[28-Dec-2017 03:28:55 UTC] PHP  11. call_user_func:{C:\xampp\htdocs\api-beautech\vendor\slim\slim\Slim\MiddlewareAwareTrait.php:70}() C:\xampp\htdocs\api-beautech\vendor\slim\slim\Slim\MiddlewareAwareTrait.php:70
[28-Dec-2017 03:28:55 UTC] PHP  12. Slim\DeferredCallable->__invoke() C:\xampp\htdocs\api-beautech\vendor\slim\slim\Slim\MiddlewareAwareTrait.php:70
[28-Dec-2017 03:28:55 UTC] PHP  13. call_user_func_array:{C:\xampp\htdocs\api-beautech\vendor\slim\slim\Slim\DeferredCallable.php:43}() C:\xampp\htdocs\api-beautech\vendor\slim\slim\Slim\DeferredCallable.php:43
[28-Dec-2017 03:28:55 UTC] PHP  14. Lib\Middlewares\Error503Middleware->__invoke() C:\xampp\htdocs\api-beautech\vendor\slim\slim\Slim\DeferredCallable.php:43
[28-Dec-2017 03:28:55 UTC] PHP  15. Slim\App->Slim\{closure}() C:\xampp\htdocs\api-beautech\lib\Middlewares\Error503Middleware.php:12
[28-Dec-2017 03:28:55 UTC] PHP  16. call_user_func:{C:\xampp\htdocs\api-beautech\vendor\slim\slim\Slim\MiddlewareAwareTrait.php:70}() C:\xampp\htdocs\api-beautech\vendor\slim\slim\Slim\MiddlewareAwareTrait.php:70
[28-Dec-2017 03:28:55 UTC] PHP  17. Slim\DeferredCallable->__invoke() C:\xampp\htdocs\api-beautech\vendor\slim\slim\Slim\MiddlewareAwareTrait.php:70
[28-Dec-2017 03:28:55 UTC] PHP  18. call_user_func_array:{C:\xampp\htdocs\api-beautech\vendor\slim\slim\Slim\DeferredCallable.php:43}() C:\xampp\htdocs\api-beautech\vendor\slim\slim\Slim\DeferredCallable.php:43
[28-Dec-2017 03:28:55 UTC] PHP  19. Lib\Middlewares\HeadersMiddleware->__invoke() C:\xampp\htdocs\api-beautech\vendor\slim\slim\Slim\DeferredCallable.php:43
[28-Dec-2017 03:28:55 UTC] PHP  20. Slim\App->__invoke() C:\xampp\htdocs\api-beautech\lib\Middlewares\HeadersMiddleware.php:9
[28-Dec-2017 03:28:55 UTC] PHP  21. Slim\Route->run() C:\xampp\htdocs\api-beautech\vendor\slim\slim\Slim\App.php:495
[28-Dec-2017 03:28:55 UTC] PHP  22. Slim\Route->callMiddlewareStack() C:\xampp\htdocs\api-beautech\vendor\slim\slim\Slim\Route.php:313
[28-Dec-2017 03:28:55 UTC] PHP  23. Slim\Route->Slim\{closure}() C:\xampp\htdocs\api-beautech\vendor\slim\slim\Slim\MiddlewareAwareTrait.php:117
[28-Dec-2017 03:28:55 UTC] PHP  24. call_user_func:{C:\xampp\htdocs\api-beautech\vendor\slim\slim\Slim\MiddlewareAwareTrait.php:70}() C:\xampp\htdocs\api-beautech\vendor\slim\slim\Slim\MiddlewareAwareTrait.php:70
[28-Dec-2017 03:28:55 UTC] PHP  25. Slim\DeferredCallable->__invoke() C:\xampp\htdocs\api-beautech\vendor\slim\slim\Slim\MiddlewareAwareTrait.php:70
[28-Dec-2017 03:28:55 UTC] PHP  26. call_user_func_array:{C:\xampp\htdocs\api-beautech\vendor\slim\slim\Slim\DeferredCallable.php:43}() C:\xampp\htdocs\api-beautech\vendor\slim\slim\Slim\DeferredCallable.php:43
[28-Dec-2017 03:28:55 UTC] PHP  27. Lib\Middlewares\PostReturnIDMiddleware->__invoke() C:\xampp\htdocs\api-beautech\vendor\slim\slim\Slim\DeferredCallable.php:43
[28-Dec-2017 03:28:55 UTC] PHP  28. Slim\Route->__invoke() C:\xampp\htdocs\api-beautech\lib\Middlewares\PostReturnIDMiddleware.php:10
[28-Dec-2017 03:28:55 UTC] PHP  29. Slim\Handlers\Strategies\RequestResponse->__invoke() C:\xampp\htdocs\api-beautech\vendor\slim\slim\Slim\Route.php:335
[28-Dec-2017 03:28:55 UTC] PHP  30. call_user_func:{C:\xampp\htdocs\api-beautech\vendor\slim\slim\Slim\Handlers\Strategies\RequestResponse.php:41}() C:\xampp\htdocs\api-beautech\vendor\slim\slim\Slim\Handlers\Strategies\RequestResponse.php:41
[28-Dec-2017 03:28:55 UTC] PHP  31. Lib\Controllers\CustomersDetails\MediaCtrl->addMedia() C:\xampp\htdocs\api-beautech\vendor\slim\slim\Slim\Handlers\Strategies\RequestResponse.php:41
[28-Dec-2017 03:28:55 UTC] PHP  32. Lib\Helpers\Utils::returnBytes() C:\xampp\htdocs\api-beautech\lib\Controllers\CustomersDetails\MediaCtrl.php:16
[28-Dec-2017 03:29:41 UTC] PHP Warning:  Missing boundary in multipart/form-data POST data in Unknown on line 0
[28-Dec-2017 03:29:41 UTC] PHP Notice:  A non well formed numeric value encountered in C:\xampp\htdocs\api-beautech\lib\Helpers\Utils.php on line 12
[28-Dec-2017 03:29:41 UTC] PHP Stack trace:
[28-Dec-2017 03:29:41 UTC] PHP   1. {main}() C:\xampp\htdocs\api-beautech\index.php:0
[28-Dec-2017 03:29:41 UTC] PHP   2. Slim\App->run() C:\xampp\htdocs\api-beautech\index.php:43
[28-Dec-2017 03:29:41 UTC] PHP   3. Slim\App->process() C:\xampp\htdocs\api-beautech\vendor\slim\slim\Slim\App.php:296
[28-Dec-2017 03:29:41 UTC] PHP   4. Slim\App->callMiddlewareStack() C:\xampp\htdocs\api-beautech\vendor\slim\slim\Slim\App.php:388
[28-Dec-2017 03:29:41 UTC] PHP   5. Slim\App->Slim\{closure}() C:\xampp\htdocs\api-beautech\vendor\slim\slim\Slim\MiddlewareAwareTrait.php:117
[28-Dec-2017 03:29:41 UTC] PHP   6. call_user_func:{C:\xampp\htdocs\api-beautech\vendor\slim\slim\Slim\MiddlewareAwareTrait.php:70}() C:\xampp\htdocs\api-beautech\vendor\slim\slim\Slim\MiddlewareAwareTrait.php:70
[28-Dec-2017 03:29:41 UTC] PHP   7. Slim\DeferredCallable->__invoke() C:\xampp\htdocs\api-beautech\vendor\slim\slim\Slim\MiddlewareAwareTrait.php:70
[28-Dec-2017 03:29:41 UTC] PHP   8. call_user_func_array:{C:\xampp\htdocs\api-beautech\vendor\slim\slim\Slim\DeferredCallable.php:43}() C:\xampp\htdocs\api-beautech\vendor\slim\slim\Slim\DeferredCallable.php:43
[28-Dec-2017 03:29:41 UTC] PHP   9. Tuupola\Middleware\Cors->__invoke() C:\xampp\htdocs\api-beautech\vendor\slim\slim\Slim\DeferredCallable.php:43
[28-Dec-2017 03:29:41 UTC] PHP  10. Slim\App->Slim\{closure}() C:\xampp\htdocs\api-beautech\vendor\tuupola\cors-middleware\src\Cors.php:86
[28-Dec-2017 03:29:41 UTC] PHP  11. call_user_func:{C:\xampp\htdocs\api-beautech\vendor\slim\slim\Slim\MiddlewareAwareTrait.php:70}() C:\xampp\htdocs\api-beautech\vendor\slim\slim\Slim\MiddlewareAwareTrait.php:70
[28-Dec-2017 03:29:41 UTC] PHP  12. Slim\DeferredCallable->__invoke() C:\xampp\htdocs\api-beautech\vendor\slim\slim\Slim\MiddlewareAwareTrait.php:70
[28-Dec-2017 03:29:41 UTC] PHP  13. call_user_func_array:{C:\xampp\htdocs\api-beautech\vendor\slim\slim\Slim\DeferredCallable.php:43}() C:\xampp\htdocs\api-beautech\vendor\slim\slim\Slim\DeferredCallable.php:43
[28-Dec-2017 03:29:41 UTC] PHP  14. Lib\Middlewares\Error503Middleware->__invoke() C:\xampp\htdocs\api-beautech\vendor\slim\slim\Slim\DeferredCallable.php:43
[28-Dec-2017 03:29:41 UTC] PHP  15. Slim\App->Slim\{closure}() C:\xampp\htdocs\api-beautech\lib\Middlewares\Error503Middleware.php:12
[28-Dec-2017 03:29:41 UTC] PHP  16. call_user_func:{C:\xampp\htdocs\api-beautech\vendor\slim\slim\Slim\MiddlewareAwareTrait.php:70}() C:\xampp\htdocs\api-beautech\vendor\slim\slim\Slim\MiddlewareAwareTrait.php:70
[28-Dec-2017 03:29:41 UTC] PHP  17. Slim\DeferredCallable->__invoke() C:\xampp\htdocs\api-beautech\vendor\slim\slim\Slim\MiddlewareAwareTrait.php:70
[28-Dec-2017 03:29:41 UTC] PHP  18. call_user_func_array:{C:\xampp\htdocs\api-beautech\vendor\slim\slim\Slim\DeferredCallable.php:43}() C:\xampp\htdocs\api-beautech\vendor\slim\slim\Slim\DeferredCallable.php:43
[28-Dec-2017 03:29:41 UTC] PHP  19. Lib\Middlewares\HeadersMiddleware->__invoke() C:\xampp\htdocs\api-beautech\vendor\slim\slim\Slim\DeferredCallable.php:43
[28-Dec-2017 03:29:41 UTC] PHP  20. Slim\App->__invoke() C:\xampp\htdocs\api-beautech\lib\Middlewares\HeadersMiddleware.php:9
[28-Dec-2017 03:29:41 UTC] PHP  21. Slim\Route->run() C:\xampp\htdocs\api-beautech\vendor\slim\slim\Slim\App.php:495
[28-Dec-2017 03:29:41 UTC] PHP  22. Slim\Route->callMiddlewareStack() C:\xampp\htdocs\api-beautech\vendor\slim\slim\Slim\Route.php:313
[28-Dec-2017 03:29:41 UTC] PHP  23. Slim\Route->Slim\{closure}() C:\xampp\htdocs\api-beautech\vendor\slim\slim\Slim\MiddlewareAwareTrait.php:117
[28-Dec-2017 03:29:41 UTC] PHP  24. call_user_func:{C:\xampp\htdocs\api-beautech\vendor\slim\slim\Slim\MiddlewareAwareTrait.php:70}() C:\xampp\htdocs\api-beautech\vendor\slim\slim\Slim\MiddlewareAwareTrait.php:70
[28-Dec-2017 03:29:41 UTC] PHP  25. Slim\DeferredCallable->__invoke() C:\xampp\htdocs\api-beautech\vendor\slim\slim\Slim\MiddlewareAwareTrait.php:70
[28-Dec-2017 03:29:41 UTC] PHP  26. call_user_func_array:{C:\xampp\htdocs\api-beautech\vendor\slim\slim\Slim\DeferredCallable.php:43}() C:\xampp\htdocs\api-beautech\vendor\slim\slim\Slim\DeferredCallable.php:43
[28-Dec-2017 03:29:41 UTC] PHP  27. Lib\Middlewares\PostReturnIDMiddleware->__invoke() C:\xampp\htdocs\api-beautech\vendor\slim\slim\Slim\DeferredCallable.php:43
[28-Dec-2017 03:29:41 UTC] PHP  28. Slim\Route->__invoke() C:\xampp\htdocs\api-beautech\lib\Middlewares\PostReturnIDMiddleware.php:10
[28-Dec-2017 03:29:41 UTC] PHP  29. Slim\Handlers\Strategies\RequestResponse->__invoke() C:\xampp\htdocs\api-beautech\vendor\slim\slim\Slim\Route.php:335
[28-Dec-2017 03:29:41 UTC] PHP  30. call_user_func:{C:\xampp\htdocs\api-beautech\vendor\slim\slim\Slim\Handlers\Strategies\RequestResponse.php:41}() C:\xampp\htdocs\api-beautech\vendor\slim\slim\Slim\Handlers\Strategies\RequestResponse.php:41
[28-Dec-2017 03:29:41 UTC] PHP  31. Lib\Controllers\CustomersDetails\MediaCtrl->addMedia() C:\xampp\htdocs\api-beautech\vendor\slim\slim\Slim\Handlers\Strategies\RequestResponse.php:41
[28-Dec-2017 03:29:41 UTC] PHP  32. Lib\Helpers\Utils::returnBytes() C:\xampp\htdocs\api-beautech\lib\Controllers\CustomersDetails\MediaCtrl.php:16
[28-Dec-2017 03:32:16 UTC] PHP Warning:  Missing boundary in multipart/form-data POST data in Unknown on line 0
[28-Dec-2017 03:32:17 UTC] PHP Notice:  A non well formed numeric value encountered in C:\xampp\htdocs\api-beautech\lib\Helpers\Utils.php on line 12
[28-Dec-2017 03:32:17 UTC] PHP Stack trace:
[28-Dec-2017 03:32:17 UTC] PHP   1. {main}() C:\xampp\htdocs\api-beautech\index.php:0
[28-Dec-2017 03:32:17 UTC] PHP   2. Slim\App->run() C:\xampp\htdocs\api-beautech\index.php:43
[28-Dec-2017 03:32:17 UTC] PHP   3. Slim\App->process() C:\xampp\htdocs\api-beautech\vendor\slim\slim\Slim\App.php:296
[28-Dec-2017 03:32:17 UTC] PHP   4. Slim\App->callMiddlewareStack() C:\xampp\htdocs\api-beautech\vendor\slim\slim\Slim\App.php:388
[28-Dec-2017 03:32:17 UTC] PHP   5. Slim\App->Slim\{closure}() C:\xampp\htdocs\api-beautech\vendor\slim\slim\Slim\MiddlewareAwareTrait.php:117
[28-Dec-2017 03:32:17 UTC] PHP   6. call_user_func:{C:\xampp\htdocs\api-beautech\vendor\slim\slim\Slim\MiddlewareAwareTrait.php:70}() C:\xampp\htdocs\api-beautech\vendor\slim\slim\Slim\MiddlewareAwareTrait.php:70
[28-Dec-2017 03:32:17 UTC] PHP   7. Slim\DeferredCallable->__invoke() C:\xampp\htdocs\api-beautech\vendor\slim\slim\Slim\MiddlewareAwareTrait.php:70
[28-Dec-2017 03:32:17 UTC] PHP   8. call_user_func_array:{C:\xampp\htdocs\api-beautech\vendor\slim\slim\Slim\DeferredCallable.php:43}() C:\xampp\htdocs\api-beautech\vendor\slim\slim\Slim\DeferredCallable.php:43
[28-Dec-2017 03:32:17 UTC] PHP   9. Tuupola\Middleware\Cors->__invoke() C:\xampp\htdocs\api-beautech\vendor\slim\slim\Slim\DeferredCallable.php:43
[28-Dec-2017 03:32:17 UTC] PHP  10. Slim\App->Slim\{closure}() C:\xampp\htdocs\api-beautech\vendor\tuupola\cors-middleware\src\Cors.php:86
[28-Dec-2017 03:32:17 UTC] PHP  11. call_user_func:{C:\xampp\htdocs\api-beautech\vendor\slim\slim\Slim\MiddlewareAwareTrait.php:70}() C:\xampp\htdocs\api-beautech\vendor\slim\slim\Slim\MiddlewareAwareTrait.php:70
[28-Dec-2017 03:32:17 UTC] PHP  12. Slim\DeferredCallable->__invoke() C:\xampp\htdocs\api-beautech\vendor\slim\slim\Slim\MiddlewareAwareTrait.php:70
[28-Dec-2017 03:32:17 UTC] PHP  13. call_user_func_array:{C:\xampp\htdocs\api-beautech\vendor\slim\slim\Slim\DeferredCallable.php:43}() C:\xampp\htdocs\api-beautech\vendor\slim\slim\Slim\DeferredCallable.php:43
[28-Dec-2017 03:32:17 UTC] PHP  14. Lib\Middlewares\Error503Middleware->__invoke() C:\xampp\htdocs\api-beautech\vendor\slim\slim\Slim\DeferredCallable.php:43
[28-Dec-2017 03:32:17 UTC] PHP  15. Slim\App->Slim\{closure}() C:\xampp\htdocs\api-beautech\lib\Middlewares\Error503Middleware.php:12
[28-Dec-2017 03:32:17 UTC] PHP  16. call_user_func:{C:\xampp\htdocs\api-beautech\vendor\slim\slim\Slim\MiddlewareAwareTrait.php:70}() C:\xampp\htdocs\api-beautech\vendor\slim\slim\Slim\MiddlewareAwareTrait.php:70
[28-Dec-2017 03:32:17 UTC] PHP  17. Slim\DeferredCallable->__invoke() C:\xampp\htdocs\api-beautech\vendor\slim\slim\Slim\MiddlewareAwareTrait.php:70
[28-Dec-2017 03:32:17 UTC] PHP  18. call_user_func_array:{C:\xampp\htdocs\api-beautech\vendor\slim\slim\Slim\DeferredCallable.php:43}() C:\xampp\htdocs\api-beautech\vendor\slim\slim\Slim\DeferredCallable.php:43
[28-Dec-2017 03:32:17 UTC] PHP  19. Lib\Middlewares\HeadersMiddleware->__invoke() C:\xampp\htdocs\api-beautech\vendor\slim\slim\Slim\DeferredCallable.php:43
[28-Dec-2017 03:32:17 UTC] PHP  20. Slim\App->__invoke() C:\xampp\htdocs\api-beautech\lib\Middlewares\HeadersMiddleware.php:9
[28-Dec-2017 03:32:17 UTC] PHP  21. Slim\Route->run() C:\xampp\htdocs\api-beautech\vendor\slim\slim\Slim\App.php:495
[28-Dec-2017 03:32:17 UTC] PHP  22. Slim\Route->callMiddlewareStack() C:\xampp\htdocs\api-beautech\vendor\slim\slim\Slim\Route.php:313
[28-Dec-2017 03:32:17 UTC] PHP  23. Slim\Route->Slim\{closure}() C:\xampp\htdocs\api-beautech\vendor\slim\slim\Slim\MiddlewareAwareTrait.php:117
[28-Dec-2017 03:32:17 UTC] PHP  24. call_user_func:{C:\xampp\htdocs\api-beautech\vendor\slim\slim\Slim\MiddlewareAwareTrait.php:70}() C:\xampp\htdocs\api-beautech\vendor\slim\slim\Slim\MiddlewareAwareTrait.php:70
[28-Dec-2017 03:32:17 UTC] PHP  25. Slim\DeferredCallable->__invoke() C:\xampp\htdocs\api-beautech\vendor\slim\slim\Slim\MiddlewareAwareTrait.php:70
[28-Dec-2017 03:32:17 UTC] PHP  26. call_user_func_array:{C:\xampp\htdocs\api-beautech\vendor\slim\slim\Slim\DeferredCallable.php:43}() C:\xampp\htdocs\api-beautech\vendor\slim\slim\Slim\DeferredCallable.php:43
[28-Dec-2017 03:32:17 UTC] PHP  27. Lib\Middlewares\PostReturnIDMiddleware->__invoke() C:\xampp\htdocs\api-beautech\vendor\slim\slim\Slim\DeferredCallable.php:43
[28-Dec-2017 03:32:17 UTC] PHP  28. Slim\Route->__invoke() C:\xampp\htdocs\api-beautech\lib\Middlewares\PostReturnIDMiddleware.php:10
[28-Dec-2017 03:32:17 UTC] PHP  29. Slim\Handlers\Strategies\RequestResponse->__invoke() C:\xampp\htdocs\api-beautech\vendor\slim\slim\Slim\Route.php:335
[28-Dec-2017 03:32:17 UTC] PHP  30. call_user_func:{C:\xampp\htdocs\api-beautech\vendor\slim\slim\Slim\Handlers\Strategies\RequestResponse.php:41}() C:\xampp\htdocs\api-beautech\vendor\slim\slim\Slim\Handlers\Strategies\RequestResponse.php:41
[28-Dec-2017 03:32:17 UTC] PHP  31. Lib\Controllers\CustomersDetails\MediaCtrl->addMedia() C:\xampp\htdocs\api-beautech\vendor\slim\slim\Slim\Handlers\Strategies\RequestResponse.php:41
[28-Dec-2017 03:32:17 UTC] PHP  32. Lib\Helpers\Utils::returnBytes() C:\xampp\htdocs\api-beautech\lib\Controllers\CustomersDetails\MediaCtrl.php:14
[28-Dec-2017 03:35:16 UTC] PHP Warning:  Missing boundary in multipart/form-data POST data in Unknown on line 0
[28-Dec-2017 03:36:17 UTC] PHP Warning:  Missing boundary in multipart/form-data POST data in Unknown on line 0
[28-Dec-2017 03:40:04 UTC] PHP Notice:  A non well formed numeric value encountered in C:\xampp\htdocs\api-beautech\lib\Helpers\Utils.php on line 14
[28-Dec-2017 03:40:04 UTC] PHP Stack trace:
[28-Dec-2017 03:40:04 UTC] PHP   1. {main}() C:\xampp\htdocs\api-beautech\index.php:0
[28-Dec-2017 03:40:04 UTC] PHP   2. Slim\App->run() C:\xampp\htdocs\api-beautech\index.php:43
[28-Dec-2017 03:40:04 UTC] PHP   3. Slim\App->process() C:\xampp\htdocs\api-beautech\vendor\slim\slim\Slim\App.php:296
[28-Dec-2017 03:40:04 UTC] PHP   4. Slim\App->callMiddlewareStack() C:\xampp\htdocs\api-beautech\vendor\slim\slim\Slim\App.php:388
[28-Dec-2017 03:40:04 UTC] PHP   5. Slim\App->Slim\{closure}() C:\xampp\htdocs\api-beautech\vendor\slim\slim\Slim\MiddlewareAwareTrait.php:117
[28-Dec-2017 03:40:04 UTC] PHP   6. call_user_func:{C:\xampp\htdocs\api-beautech\vendor\slim\slim\Slim\MiddlewareAwareTrait.php:70}() C:\xampp\htdocs\api-beautech\vendor\slim\slim\Slim\MiddlewareAwareTrait.php:70
[28-Dec-2017 03:40:04 UTC] PHP   7. Slim\DeferredCallable->__invoke() C:\xampp\htdocs\api-beautech\vendor\slim\slim\Slim\MiddlewareAwareTrait.php:70
[28-Dec-2017 03:40:04 UTC] PHP   8. call_user_func_array:{C:\xampp\htdocs\api-beautech\vendor\slim\slim\Slim\DeferredCallable.php:43}() C:\xampp\htdocs\api-beautech\vendor\slim\slim\Slim\DeferredCallable.php:43
[28-Dec-2017 03:40:04 UTC] PHP   9. Tuupola\Middleware\Cors->__invoke() C:\xampp\htdocs\api-beautech\vendor\slim\slim\Slim\DeferredCallable.php:43
[28-Dec-2017 03:40:04 UTC] PHP  10. Slim\App->Slim\{closure}() C:\xampp\htdocs\api-beautech\vendor\tuupola\cors-middleware\src\Cors.php:86
[28-Dec-2017 03:40:04 UTC] PHP  11. call_user_func:{C:\xampp\htdocs\api-beautech\vendor\slim\slim\Slim\MiddlewareAwareTrait.php:70}() C:\xampp\htdocs\api-beautech\vendor\slim\slim\Slim\MiddlewareAwareTrait.php:70
[28-Dec-2017 03:40:04 UTC] PHP  12. Slim\DeferredCallable->__invoke() C:\xampp\htdocs\api-beautech\vendor\slim\slim\Slim\MiddlewareAwareTrait.php:70
[28-Dec-2017 03:40:04 UTC] PHP  13. call_user_func_array:{C:\xampp\htdocs\api-beautech\vendor\slim\slim\Slim\DeferredCallable.php:43}() C:\xampp\htdocs\api-beautech\vendor\slim\slim\Slim\DeferredCallable.php:43
[28-Dec-2017 03:40:04 UTC] PHP  14. Lib\Middlewares\Error503Middleware->__invoke() C:\xampp\htdocs\api-beautech\vendor\slim\slim\Slim\DeferredCallable.php:43
[28-Dec-2017 03:40:04 UTC] PHP  15. Slim\App->Slim\{closure}() C:\xampp\htdocs\api-beautech\lib\Middlewares\Error503Middleware.php:12
[28-Dec-2017 03:40:04 UTC] PHP  16. call_user_func:{C:\xampp\htdocs\api-beautech\vendor\slim\slim\Slim\MiddlewareAwareTrait.php:70}() C:\xampp\htdocs\api-beautech\vendor\slim\slim\Slim\MiddlewareAwareTrait.php:70
[28-Dec-2017 03:40:04 UTC] PHP  17. Slim\DeferredCallable->__invoke() C:\xampp\htdocs\api-beautech\vendor\slim\slim\Slim\MiddlewareAwareTrait.php:70
[28-Dec-2017 03:40:04 UTC] PHP  18. call_user_func_array:{C:\xampp\htdocs\api-beautech\vendor\slim\slim\Slim\DeferredCallable.php:43}() C:\xampp\htdocs\api-beautech\vendor\slim\slim\Slim\DeferredCallable.php:43
[28-Dec-2017 03:40:04 UTC] PHP  19. Lib\Middlewares\HeadersMiddleware->__invoke() C:\xampp\htdocs\api-beautech\vendor\slim\slim\Slim\DeferredCallable.php:43
[28-Dec-2017 03:40:04 UTC] PHP  20. Slim\App->__invoke() C:\xampp\htdocs\api-beautech\lib\Middlewares\HeadersMiddleware.php:9
[28-Dec-2017 03:40:04 UTC] PHP  21. Slim\Route->run() C:\xampp\htdocs\api-beautech\vendor\slim\slim\Slim\App.php:495
[28-Dec-2017 03:40:04 UTC] PHP  22. Slim\Route->callMiddlewareStack() C:\xampp\htdocs\api-beautech\vendor\slim\slim\Slim\Route.php:313
[28-Dec-2017 03:40:04 UTC] PHP  23. Slim\Route->Slim\{closure}() C:\xampp\htdocs\api-beautech\vendor\slim\slim\Slim\MiddlewareAwareTrait.php:117
[28-Dec-2017 03:40:04 UTC] PHP  24. call_user_func:{C:\xampp\htdocs\api-beautech\vendor\slim\slim\Slim\MiddlewareAwareTrait.php:70}() C:\xampp\htdocs\api-beautech\vendor\slim\slim\Slim\MiddlewareAwareTrait.php:70
[28-Dec-2017 03:40:04 UTC] PHP  25. Slim\DeferredCallable->__invoke() C:\xampp\htdocs\api-beautech\vendor\slim\slim\Slim\MiddlewareAwareTrait.php:70
[28-Dec-2017 03:40:04 UTC] PHP  26. call_user_func_array:{C:\xampp\htdocs\api-beautech\vendor\slim\slim\Slim\DeferredCallable.php:43}() C:\xampp\htdocs\api-beautech\vendor\slim\slim\Slim\DeferredCallable.php:43
[28-Dec-2017 03:40:04 UTC] PHP  27. Lib\Middlewares\PostReturnIDMiddleware->__invoke() C:\xampp\htdocs\api-beautech\vendor\slim\slim\Slim\DeferredCallable.php:43
[28-Dec-2017 03:40:04 UTC] PHP  28. Slim\Route->__invoke() C:\xampp\htdocs\api-beautech\lib\Middlewares\PostReturnIDMiddleware.php:10
[28-Dec-2017 03:40:04 UTC] PHP  29. Slim\Handlers\Strategies\RequestResponse->__invoke() C:\xampp\htdocs\api-beautech\vendor\slim\slim\Slim\Route.php:335
[28-Dec-2017 03:40:04 UTC] PHP  30. call_user_func:{C:\xampp\htdocs\api-beautech\vendor\slim\slim\Slim\Handlers\Strategies\RequestResponse.php:41}() C:\xampp\htdocs\api-beautech\vendor\slim\slim\Slim\Handlers\Strategies\RequestResponse.php:41
[28-Dec-2017 03:40:04 UTC] PHP  31. Lib\Controllers\CustomersDetails\MediaCtrl->addMedia() C:\xampp\htdocs\api-beautech\vendor\slim\slim\Slim\Handlers\Strategies\RequestResponse.php:41
[28-Dec-2017 03:40:04 UTC] PHP  32. Lib\Helpers\Utils::returnBytes() C:\xampp\htdocs\api-beautech\lib\Controllers\CustomersDetails\MediaCtrl.php:16
[28-Dec-2017 03:40:04 UTC] PHP Notice:  A non well formed numeric value encountered in C:\xampp\htdocs\api-beautech\lib\Helpers\Utils.php on line 14
[28-Dec-2017 03:40:04 UTC] PHP Stack trace:
[28-Dec-2017 03:40:04 UTC] PHP   1. {main}() C:\xampp\htdocs\api-beautech\index.php:0
[28-Dec-2017 03:40:04 UTC] PHP   2. Slim\App->run() C:\xampp\htdocs\api-beautech\index.php:43
[28-Dec-2017 03:40:04 UTC] PHP   3. Slim\App->process() C:\xampp\htdocs\api-beautech\vendor\slim\slim\Slim\App.php:296
[28-Dec-2017 03:40:04 UTC] PHP   4. Slim\App->callMiddlewareStack() C:\xampp\htdocs\api-beautech\vendor\slim\slim\Slim\App.php:388
[28-Dec-2017 03:40:04 UTC] PHP   5. Slim\App->Slim\{closure}() C:\xampp\htdocs\api-beautech\vendor\slim\slim\Slim\MiddlewareAwareTrait.php:117
[28-Dec-2017 03:40:04 UTC] PHP   6. call_user_func:{C:\xampp\htdocs\api-beautech\vendor\slim\slim\Slim\MiddlewareAwareTrait.php:70}() C:\xampp\htdocs\api-beautech\vendor\slim\slim\Slim\MiddlewareAwareTrait.php:70
[28-Dec-2017 03:40:04 UTC] PHP   7. Slim\DeferredCallable->__invoke() C:\xampp\htdocs\api-beautech\vendor\slim\slim\Slim\MiddlewareAwareTrait.php:70
[28-Dec-2017 03:40:04 UTC] PHP   8. call_user_func_array:{C:\xampp\htdocs\api-beautech\vendor\slim\slim\Slim\DeferredCallable.php:43}() C:\xampp\htdocs\api-beautech\vendor\slim\slim\Slim\DeferredCallable.php:43
[28-Dec-2017 03:40:04 UTC] PHP   9. Tuupola\Middleware\Cors->__invoke() C:\xampp\htdocs\api-beautech\vendor\slim\slim\Slim\DeferredCallable.php:43
[28-Dec-2017 03:40:04 UTC] PHP  10. Slim\App->Slim\{closure}() C:\xampp\htdocs\api-beautech\vendor\tuupola\cors-middleware\src\Cors.php:86
[28-Dec-2017 03:40:04 UTC] PHP  11. call_user_func:{C:\xampp\htdocs\api-beautech\vendor\slim\slim\Slim\MiddlewareAwareTrait.php:70}() C:\xampp\htdocs\api-beautech\vendor\slim\slim\Slim\MiddlewareAwareTrait.php:70
[28-Dec-2017 03:40:04 UTC] PHP  12. Slim\DeferredCallable->__invoke() C:\xampp\htdocs\api-beautech\vendor\slim\slim\Slim\MiddlewareAwareTrait.php:70
[28-Dec-2017 03:40:04 UTC] PHP  13. call_user_func_array:{C:\xampp\htdocs\api-beautech\vendor\slim\slim\Slim\DeferredCallable.php:43}() C:\xampp\htdocs\api-beautech\vendor\slim\slim\Slim\DeferredCallable.php:43
[28-Dec-2017 03:40:04 UTC] PHP  14. Lib\Middlewares\Error503Middleware->__invoke() C:\xampp\htdocs\api-beautech\vendor\slim\slim\Slim\DeferredCallable.php:43
[28-Dec-2017 03:40:04 UTC] PHP  15. Slim\App->Slim\{closure}() C:\xampp\htdocs\api-beautech\lib\Middlewares\Error503Middleware.php:12
[28-Dec-2017 03:40:04 UTC] PHP  16. call_user_func:{C:\xampp\htdocs\api-beautech\vendor\slim\slim\Slim\MiddlewareAwareTrait.php:70}() C:\xampp\htdocs\api-beautech\vendor\slim\slim\Slim\MiddlewareAwareTrait.php:70
[28-Dec-2017 03:40:04 UTC] PHP  17. Slim\DeferredCallable->__invoke() C:\xampp\htdocs\api-beautech\vendor\slim\slim\Slim\MiddlewareAwareTrait.php:70
[28-Dec-2017 03:40:04 UTC] PHP  18. call_user_func_array:{C:\xampp\htdocs\api-beautech\vendor\slim\slim\Slim\DeferredCallable.php:43}() C:\xampp\htdocs\api-beautech\vendor\slim\slim\Slim\DeferredCallable.php:43
[28-Dec-2017 03:40:04 UTC] PHP  19. Lib\Middlewares\HeadersMiddleware->__invoke() C:\xampp\htdocs\api-beautech\vendor\slim\slim\Slim\DeferredCallable.php:43
[28-Dec-2017 03:40:04 UTC] PHP  20. Slim\App->__invoke() C:\xampp\htdocs\api-beautech\lib\Middlewares\HeadersMiddleware.php:9
[28-Dec-2017 03:40:04 UTC] PHP  21. Slim\Route->run() C:\xampp\htdocs\api-beautech\vendor\slim\slim\Slim\App.php:495
[28-Dec-2017 03:40:04 UTC] PHP  22. Slim\Route->callMiddlewareStack() C:\xampp\htdocs\api-beautech\vendor\slim\slim\Slim\Route.php:313
[28-Dec-2017 03:40:04 UTC] PHP  23. Slim\Route->Slim\{closure}() C:\xampp\htdocs\api-beautech\vendor\slim\slim\Slim\MiddlewareAwareTrait.php:117
[28-Dec-2017 03:40:04 UTC] PHP  24. call_user_func:{C:\xampp\htdocs\api-beautech\vendor\slim\slim\Slim\MiddlewareAwareTrait.php:70}() C:\xampp\htdocs\api-beautech\vendor\slim\slim\Slim\MiddlewareAwareTrait.php:70
[28-Dec-2017 03:40:04 UTC] PHP  25. Slim\DeferredCallable->__invoke() C:\xampp\htdocs\api-beautech\vendor\slim\slim\Slim\MiddlewareAwareTrait.php:70
[28-Dec-2017 03:40:04 UTC] PHP  26. call_user_func_array:{C:\xampp\htdocs\api-beautech\vendor\slim\slim\Slim\DeferredCallable.php:43}() C:\xampp\htdocs\api-beautech\vendor\slim\slim\Slim\DeferredCallable.php:43
[28-Dec-2017 03:40:04 UTC] PHP  27. Lib\Middlewares\PostReturnIDMiddleware->__invoke() C:\xampp\htdocs\api-beautech\vendor\slim\slim\Slim\DeferredCallable.php:43
[28-Dec-2017 03:40:04 UTC] PHP  28. Slim\Route->__invoke() C:\xampp\htdocs\api-beautech\lib\Middlewares\PostReturnIDMiddleware.php:10
[28-Dec-2017 03:40:04 UTC] PHP  29. Slim\Handlers\Strategies\RequestResponse->__invoke() C:\xampp\htdocs\api-beautech\vendor\slim\slim\Slim\Route.php:335
[28-Dec-2017 03:40:04 UTC] PHP  30. call_user_func:{C:\xampp\htdocs\api-beautech\vendor\slim\slim\Slim\Handlers\Strategies\RequestResponse.php:41}() C:\xampp\htdocs\api-beautech\vendor\slim\slim\Slim\Handlers\Strategies\RequestResponse.php:41
[28-Dec-2017 03:40:04 UTC] PHP  31. Lib\Controllers\CustomersDetails\MediaCtrl->addMedia() C:\xampp\htdocs\api-beautech\vendor\slim\slim\Slim\Handlers\Strategies\RequestResponse.php:41
[28-Dec-2017 03:40:04 UTC] PHP  32. Lib\Helpers\Utils::returnBytes() C:\xampp\htdocs\api-beautech\lib\Controllers\CustomersDetails\MediaCtrl.php:18
[28-Dec-2017 03:40:53 UTC] PHP Notice:  A non well formed numeric value encountered in C:\xampp\htdocs\api-beautech\lib\Helpers\Utils.php on line 15
[28-Dec-2017 03:40:53 UTC] PHP Stack trace:
[28-Dec-2017 03:40:53 UTC] PHP   1. {main}() C:\xampp\htdocs\api-beautech\index.php:0
[28-Dec-2017 03:40:53 UTC] PHP   2. Slim\App->run() C:\xampp\htdocs\api-beautech\index.php:43
[28-Dec-2017 03:40:53 UTC] PHP   3. Slim\App->process() C:\xampp\htdocs\api-beautech\vendor\slim\slim\Slim\App.php:296
[28-Dec-2017 03:40:53 UTC] PHP   4. Slim\App->callMiddlewareStack() C:\xampp\htdocs\api-beautech\vendor\slim\slim\Slim\App.php:388
[28-Dec-2017 03:40:53 UTC] PHP   5. Slim\App->Slim\{closure}() C:\xampp\htdocs\api-beautech\vendor\slim\slim\Slim\MiddlewareAwareTrait.php:117
[28-Dec-2017 03:40:53 UTC] PHP   6. call_user_func:{C:\xampp\htdocs\api-beautech\vendor\slim\slim\Slim\MiddlewareAwareTrait.php:70}() C:\xampp\htdocs\api-beautech\vendor\slim\slim\Slim\MiddlewareAwareTrait.php:70
[28-Dec-2017 03:40:53 UTC] PHP   7. Slim\DeferredCallable->__invoke() C:\xampp\htdocs\api-beautech\vendor\slim\slim\Slim\MiddlewareAwareTrait.php:70
[28-Dec-2017 03:40:53 UTC] PHP   8. call_user_func_array:{C:\xampp\htdocs\api-beautech\vendor\slim\slim\Slim\DeferredCallable.php:43}() C:\xampp\htdocs\api-beautech\vendor\slim\slim\Slim\DeferredCallable.php:43
[28-Dec-2017 03:40:53 UTC] PHP   9. Tuupola\Middleware\Cors->__invoke() C:\xampp\htdocs\api-beautech\vendor\slim\slim\Slim\DeferredCallable.php:43
[28-Dec-2017 03:40:53 UTC] PHP  10. Slim\App->Slim\{closure}() C:\xampp\htdocs\api-beautech\vendor\tuupola\cors-middleware\src\Cors.php:86
[28-Dec-2017 03:40:53 UTC] PHP  11. call_user_func:{C:\xampp\htdocs\api-beautech\vendor\slim\slim\Slim\MiddlewareAwareTrait.php:70}() C:\xampp\htdocs\api-beautech\vendor\slim\slim\Slim\MiddlewareAwareTrait.php:70
[28-Dec-2017 03:40:53 UTC] PHP  12. Slim\DeferredCallable->__invoke() C:\xampp\htdocs\api-beautech\vendor\slim\slim\Slim\MiddlewareAwareTrait.php:70
[28-Dec-2017 03:40:53 UTC] PHP  13. call_user_func_array:{C:\xampp\htdocs\api-beautech\vendor\slim\slim\Slim\DeferredCallable.php:43}() C:\xampp\htdocs\api-beautech\vendor\slim\slim\Slim\DeferredCallable.php:43
[28-Dec-2017 03:40:53 UTC] PHP  14. Lib\Middlewares\Error503Middleware->__invoke() C:\xampp\htdocs\api-beautech\vendor\slim\slim\Slim\DeferredCallable.php:43
[28-Dec-2017 03:40:53 UTC] PHP  15. Slim\App->Slim\{closure}() C:\xampp\htdocs\api-beautech\lib\Middlewares\Error503Middleware.php:12
[28-Dec-2017 03:40:53 UTC] PHP  16. call_user_func:{C:\xampp\htdocs\api-beautech\vendor\slim\slim\Slim\MiddlewareAwareTrait.php:70}() C:\xampp\htdocs\api-beautech\vendor\slim\slim\Slim\MiddlewareAwareTrait.php:70
[28-Dec-2017 03:40:53 UTC] PHP  17. Slim\DeferredCallable->__invoke() C:\xampp\htdocs\api-beautech\vendor\slim\slim\Slim\MiddlewareAwareTrait.php:70
[28-Dec-2017 03:40:53 UTC] PHP  18. call_user_func_array:{C:\xampp\htdocs\api-beautech\vendor\slim\slim\Slim\DeferredCallable.php:43}() C:\xampp\htdocs\api-beautech\vendor\slim\slim\Slim\DeferredCallable.php:43
[28-Dec-2017 03:40:53 UTC] PHP  19. Lib\Middlewares\HeadersMiddleware->__invoke() C:\xampp\htdocs\api-beautech\vendor\slim\slim\Slim\DeferredCallable.php:43
[28-Dec-2017 03:40:53 UTC] PHP  20. Slim\App->__invoke() C:\xampp\htdocs\api-beautech\lib\Middlewares\HeadersMiddleware.php:9
[28-Dec-2017 03:40:53 UTC] PHP  21. Slim\Route->run() C:\xampp\htdocs\api-beautech\vendor\slim\slim\Slim\App.php:495
[28-Dec-2017 03:40:53 UTC] PHP  22. Slim\Route->callMiddlewareStack() C:\xampp\htdocs\api-beautech\vendor\slim\slim\Slim\Route.php:313
[28-Dec-2017 03:40:53 UTC] PHP  23. Slim\Route->Slim\{closure}() C:\xampp\htdocs\api-beautech\vendor\slim\slim\Slim\MiddlewareAwareTrait.php:117
[28-Dec-2017 03:40:53 UTC] PHP  24. call_user_func:{C:\xampp\htdocs\api-beautech\vendor\slim\slim\Slim\MiddlewareAwareTrait.php:70}() C:\xampp\htdocs\api-beautech\vendor\slim\slim\Slim\MiddlewareAwareTrait.php:70
[28-Dec-2017 03:40:53 UTC] PHP  25. Slim\DeferredCallable->__invoke() C:\xampp\htdocs\api-beautech\vendor\slim\slim\Slim\MiddlewareAwareTrait.php:70
[28-Dec-2017 03:40:53 UTC] PHP  26. call_user_func_array:{C:\xampp\htdocs\api-beautech\vendor\slim\slim\Slim\DeferredCallable.php:43}() C:\xampp\htdocs\api-beautech\vendor\slim\slim\Slim\DeferredCallable.php:43
[28-Dec-2017 03:40:53 UTC] PHP  27. Lib\Middlewares\PostReturnIDMiddleware->__invoke() C:\xampp\htdocs\api-beautech\vendor\slim\slim\Slim\DeferredCallable.php:43
[28-Dec-2017 03:40:53 UTC] PHP  28. Slim\Route->__invoke() C:\xampp\htdocs\api-beautech\lib\Middlewares\PostReturnIDMiddleware.php:10
[28-Dec-2017 03:40:53 UTC] PHP  29. Slim\Handlers\Strategies\RequestResponse->__invoke() C:\xampp\htdocs\api-beautech\vendor\slim\slim\Slim\Route.php:335
[28-Dec-2017 03:40:53 UTC] PHP  30. call_user_func:{C:\xampp\htdocs\api-beautech\vendor\slim\slim\Slim\Handlers\Strategies\RequestResponse.php:41}() C:\xampp\htdocs\api-beautech\vendor\slim\slim\Slim\Handlers\Strategies\RequestResponse.php:41
[28-Dec-2017 03:40:53 UTC] PHP  31. Lib\Controllers\CustomersDetails\MediaCtrl->addMedia() C:\xampp\htdocs\api-beautech\vendor\slim\slim\Slim\Handlers\Strategies\RequestResponse.php:41
[28-Dec-2017 03:40:53 UTC] PHP  32. Lib\Helpers\Utils::returnBytes() C:\xampp\htdocs\api-beautech\lib\Controllers\CustomersDetails\MediaCtrl.php:16
[28-Dec-2017 03:40:53 UTC] PHP Notice:  A non well formed numeric value encountered in C:\xampp\htdocs\api-beautech\lib\Helpers\Utils.php on line 15
[28-Dec-2017 03:40:53 UTC] PHP Stack trace:
[28-Dec-2017 03:40:53 UTC] PHP   1. {main}() C:\xampp\htdocs\api-beautech\index.php:0
[28-Dec-2017 03:40:53 UTC] PHP   2. Slim\App->run() C:\xampp\htdocs\api-beautech\index.php:43
[28-Dec-2017 03:40:53 UTC] PHP   3. Slim\App->process() C:\xampp\htdocs\api-beautech\vendor\slim\slim\Slim\App.php:296
[28-Dec-2017 03:40:53 UTC] PHP   4. Slim\App->callMiddlewareStack() C:\xampp\htdocs\api-beautech\vendor\slim\slim\Slim\App.php:388
[28-Dec-2017 03:40:53 UTC] PHP   5. Slim\App->Slim\{closure}() C:\xampp\htdocs\api-beautech\vendor\slim\slim\Slim\MiddlewareAwareTrait.php:117
[28-Dec-2017 03:40:53 UTC] PHP   6. call_user_func:{C:\xampp\htdocs\api-beautech\vendor\slim\slim\Slim\MiddlewareAwareTrait.php:70}() C:\xampp\htdocs\api-beautech\vendor\slim\slim\Slim\MiddlewareAwareTrait.php:70
[28-Dec-2017 03:40:53 UTC] PHP   7. Slim\DeferredCallable->__invoke() C:\xampp\htdocs\api-beautech\vendor\slim\slim\Slim\MiddlewareAwareTrait.php:70
[28-Dec-2017 03:40:53 UTC] PHP   8. call_user_func_array:{C:\xampp\htdocs\api-beautech\vendor\slim\slim\Slim\DeferredCallable.php:43}() C:\xampp\htdocs\api-beautech\vendor\slim\slim\Slim\DeferredCallable.php:43
[28-Dec-2017 03:40:53 UTC] PHP   9. Tuupola\Middleware\Cors->__invoke() C:\xampp\htdocs\api-beautech\vendor\slim\slim\Slim\DeferredCallable.php:43
[28-Dec-2017 03:40:53 UTC] PHP  10. Slim\App->Slim\{closure}() C:\xampp\htdocs\api-beautech\vendor\tuupola\cors-middleware\src\Cors.php:86
[28-Dec-2017 03:40:53 UTC] PHP  11. call_user_func:{C:\xampp\htdocs\api-beautech\vendor\slim\slim\Slim\MiddlewareAwareTrait.php:70}() C:\xampp\htdocs\api-beautech\vendor\slim\slim\Slim\MiddlewareAwareTrait.php:70
[28-Dec-2017 03:40:53 UTC] PHP  12. Slim\DeferredCallable->__invoke() C:\xampp\htdocs\api-beautech\vendor\slim\slim\Slim\MiddlewareAwareTrait.php:70
[28-Dec-2017 03:40:53 UTC] PHP  13. call_user_func_array:{C:\xampp\htdocs\api-beautech\vendor\slim\slim\Slim\DeferredCallable.php:43}() C:\xampp\htdocs\api-beautech\vendor\slim\slim\Slim\DeferredCallable.php:43
[28-Dec-2017 03:40:53 UTC] PHP  14. Lib\Middlewares\Error503Middleware->__invoke() C:\xampp\htdocs\api-beautech\vendor\slim\slim\Slim\DeferredCallable.php:43
[28-Dec-2017 03:40:53 UTC] PHP  15. Slim\App->Slim\{closure}() C:\xampp\htdocs\api-beautech\lib\Middlewares\Error503Middleware.php:12
[28-Dec-2017 03:40:53 UTC] PHP  16. call_user_func:{C:\xampp\htdocs\api-beautech\vendor\slim\slim\Slim\MiddlewareAwareTrait.php:70}() C:\xampp\htdocs\api-beautech\vendor\slim\slim\Slim\MiddlewareAwareTrait.php:70
[28-Dec-2017 03:40:53 UTC] PHP  17. Slim\DeferredCallable->__invoke() C:\xampp\htdocs\api-beautech\vendor\slim\slim\Slim\MiddlewareAwareTrait.php:70
[28-Dec-2017 03:40:53 UTC] PHP  18. call_user_func_array:{C:\xampp\htdocs\api-beautech\vendor\slim\slim\Slim\DeferredCallable.php:43}() C:\xampp\htdocs\api-beautech\vendor\slim\slim\Slim\DeferredCallable.php:43
[28-Dec-2017 03:40:53 UTC] PHP  19. Lib\Middlewares\HeadersMiddleware->__invoke() C:\xampp\htdocs\api-beautech\vendor\slim\slim\Slim\DeferredCallable.php:43
[28-Dec-2017 03:40:53 UTC] PHP  20. Slim\App->__invoke() C:\xampp\htdocs\api-beautech\lib\Middlewares\HeadersMiddleware.php:9
[28-Dec-2017 03:40:53 UTC] PHP  21. Slim\Route->run() C:\xampp\htdocs\api-beautech\vendor\slim\slim\Slim\App.php:495
[28-Dec-2017 03:40:53 UTC] PHP  22. Slim\Route->callMiddlewareStack() C:\xampp\htdocs\api-beautech\vendor\slim\slim\Slim\Route.php:313
[28-Dec-2017 03:40:53 UTC] PHP  23. Slim\Route->Slim\{closure}() C:\xampp\htdocs\api-beautech\vendor\slim\slim\Slim\MiddlewareAwareTrait.php:117
[28-Dec-2017 03:40:53 UTC] PHP  24. call_user_func:{C:\xampp\htdocs\api-beautech\vendor\slim\slim\Slim\MiddlewareAwareTrait.php:70}() C:\xampp\htdocs\api-beautech\vendor\slim\slim\Slim\MiddlewareAwareTrait.php:70
[28-Dec-2017 03:40:53 UTC] PHP  25. Slim\DeferredCallable->__invoke() C:\xampp\htdocs\api-beautech\vendor\slim\slim\Slim\MiddlewareAwareTrait.php:70
[28-Dec-2017 03:40:53 UTC] PHP  26. call_user_func_array:{C:\xampp\htdocs\api-beautech\vendor\slim\slim\Slim\DeferredCallable.php:43}() C:\xampp\htdocs\api-beautech\vendor\slim\slim\Slim\DeferredCallable.php:43
[28-Dec-2017 03:40:53 UTC] PHP  27. Lib\Middlewares\PostReturnIDMiddleware->__invoke() C:\xampp\htdocs\api-beautech\vendor\slim\slim\Slim\DeferredCallable.php:43
[28-Dec-2017 03:40:53 UTC] PHP  28. Slim\Route->__invoke() C:\xampp\htdocs\api-beautech\lib\Middlewares\PostReturnIDMiddleware.php:10
[28-Dec-2017 03:40:53 UTC] PHP  29. Slim\Handlers\Strategies\RequestResponse->__invoke() C:\xampp\htdocs\api-beautech\vendor\slim\slim\Slim\Route.php:335
[28-Dec-2017 03:40:53 UTC] PHP  30. call_user_func:{C:\xampp\htdocs\api-beautech\vendor\slim\slim\Slim\Handlers\Strategies\RequestResponse.php:41}() C:\xampp\htdocs\api-beautech\vendor\slim\slim\Slim\Handlers\Strategies\RequestResponse.php:41
[28-Dec-2017 03:40:53 UTC] PHP  31. Lib\Controllers\CustomersDetails\MediaCtrl->addMedia() C:\xampp\htdocs\api-beautech\vendor\slim\slim\Slim\Handlers\Strategies\RequestResponse.php:41
[28-Dec-2017 03:40:53 UTC] PHP  32. Lib\Helpers\Utils::returnBytes() C:\xampp\htdocs\api-beautech\lib\Controllers\CustomersDetails\MediaCtrl.php:18
[28-Dec-2017 04:20:33 UTC] PHP Notice:  Undefined variable: checkMedia in C:\xampp\htdocs\api-beautech\lib\Controllers\CustomersDetails\MediaCtrl.php on line 11
[28-Dec-2017 04:20:33 UTC] PHP Stack trace:
[28-Dec-2017 04:20:33 UTC] PHP   1. {main}() C:\xampp\htdocs\api-beautech\index.php:0
[28-Dec-2017 04:20:33 UTC] PHP   2. Slim\App->run() C:\xampp\htdocs\api-beautech\index.php:43
[28-Dec-2017 04:20:33 UTC] PHP   3. Slim\App->process() C:\xampp\htdocs\api-beautech\vendor\slim\slim\Slim\App.php:296
[28-Dec-2017 04:20:33 UTC] PHP   4. Slim\App->callMiddlewareStack() C:\xampp\htdocs\api-beautech\vendor\slim\slim\Slim\App.php:388
[28-Dec-2017 04:20:33 UTC] PHP   5. Slim\App->Slim\{closure}() C:\xampp\htdocs\api-beautech\vendor\slim\slim\Slim\MiddlewareAwareTrait.php:117
[28-Dec-2017 04:20:33 UTC] PHP   6. call_user_func:{C:\xampp\htdocs\api-beautech\vendor\slim\slim\Slim\MiddlewareAwareTrait.php:70}() C:\xampp\htdocs\api-beautech\vendor\slim\slim\Slim\MiddlewareAwareTrait.php:70
[28-Dec-2017 04:20:33 UTC] PHP   7. Slim\DeferredCallable->__invoke() C:\xampp\htdocs\api-beautech\vendor\slim\slim\Slim\MiddlewareAwareTrait.php:70
[28-Dec-2017 04:20:33 UTC] PHP   8. call_user_func_array:{C:\xampp\htdocs\api-beautech\vendor\slim\slim\Slim\DeferredCallable.php:43}() C:\xampp\htdocs\api-beautech\vendor\slim\slim\Slim\DeferredCallable.php:43
[28-Dec-2017 04:20:33 UTC] PHP   9. Tuupola\Middleware\Cors->__invoke() C:\xampp\htdocs\api-beautech\vendor\slim\slim\Slim\DeferredCallable.php:43
[28-Dec-2017 04:20:33 UTC] PHP  10. Slim\App->Slim\{closure}() C:\xampp\htdocs\api-beautech\vendor\tuupola\cors-middleware\src\Cors.php:86
[28-Dec-2017 04:20:33 UTC] PHP  11. call_user_func:{C:\xampp\htdocs\api-beautech\vendor\slim\slim\Slim\MiddlewareAwareTrait.php:70}() C:\xampp\htdocs\api-beautech\vendor\slim\slim\Slim\MiddlewareAwareTrait.php:70
[28-Dec-2017 04:20:33 UTC] PHP  12. Slim\DeferredCallable->__invoke() C:\xampp\htdocs\api-beautech\vendor\slim\slim\Slim\MiddlewareAwareTrait.php:70
[28-Dec-2017 04:20:33 UTC] PHP  13. call_user_func_array:{C:\xampp\htdocs\api-beautech\vendor\slim\slim\Slim\DeferredCallable.php:43}() C:\xampp\htdocs\api-beautech\vendor\slim\slim\Slim\DeferredCallable.php:43
[28-Dec-2017 04:20:33 UTC] PHP  14. Lib\Middlewares\Error503Middleware->__invoke() C:\xampp\htdocs\api-beautech\vendor\slim\slim\Slim\DeferredCallable.php:43
[28-Dec-2017 04:20:33 UTC] PHP  15. Slim\App->Slim\{closure}() C:\xampp\htdocs\api-beautech\lib\Middlewares\Error503Middleware.php:12
[28-Dec-2017 04:20:33 UTC] PHP  16. call_user_func:{C:\xampp\htdocs\api-beautech\vendor\slim\slim\Slim\MiddlewareAwareTrait.php:70}() C:\xampp\htdocs\api-beautech\vendor\slim\slim\Slim\MiddlewareAwareTrait.php:70
[28-Dec-2017 04:20:33 UTC] PHP  17. Slim\DeferredCallable->__invoke() C:\xampp\htdocs\api-beautech\vendor\slim\slim\Slim\MiddlewareAwareTrait.php:70
[28-Dec-2017 04:20:33 UTC] PHP  18. call_user_func_array:{C:\xampp\htdocs\api-beautech\vendor\slim\slim\Slim\DeferredCallable.php:43}() C:\xampp\htdocs\api-beautech\vendor\slim\slim\Slim\DeferredCallable.php:43
[28-Dec-2017 04:20:33 UTC] PHP  19. Lib\Middlewares\HeadersMiddleware->__invoke() C:\xampp\htdocs\api-beautech\vendor\slim\slim\Slim\DeferredCallable.php:43
[28-Dec-2017 04:20:33 UTC] PHP  20. Slim\App->__invoke() C:\xampp\htdocs\api-beautech\lib\Middlewares\HeadersMiddleware.php:9
[28-Dec-2017 04:20:33 UTC] PHP  21. Slim\Route->run() C:\xampp\htdocs\api-beautech\vendor\slim\slim\Slim\App.php:495
[28-Dec-2017 04:20:33 UTC] PHP  22. Slim\Route->callMiddlewareStack() C:\xampp\htdocs\api-beautech\vendor\slim\slim\Slim\Route.php:313
[28-Dec-2017 04:20:33 UTC] PHP  23. Slim\Route->Slim\{closure}() C:\xampp\htdocs\api-beautech\vendor\slim\slim\Slim\MiddlewareAwareTrait.php:117
[28-Dec-2017 04:20:33 UTC] PHP  24. call_user_func:{C:\xampp\htdocs\api-beautech\vendor\slim\slim\Slim\MiddlewareAwareTrait.php:70}() C:\xampp\htdocs\api-beautech\vendor\slim\slim\Slim\MiddlewareAwareTrait.php:70
[28-Dec-2017 04:20:33 UTC] PHP  25. Slim\DeferredCallable->__invoke() C:\xampp\htdocs\api-beautech\vendor\slim\slim\Slim\MiddlewareAwareTrait.php:70
[28-Dec-2017 04:20:33 UTC] PHP  26. call_user_func_array:{C:\xampp\htdocs\api-beautech\vendor\slim\slim\Slim\DeferredCallable.php:43}() C:\xampp\htdocs\api-beautech\vendor\slim\slim\Slim\DeferredCallable.php:43
[28-Dec-2017 04:20:33 UTC] PHP  27. Lib\Middlewares\PostReturnIDMiddleware->__invoke() C:\xampp\htdocs\api-beautech\vendor\slim\slim\Slim\DeferredCallable.php:43
[28-Dec-2017 04:20:33 UTC] PHP  28. Slim\Route->__invoke() C:\xampp\htdocs\api-beautech\lib\Middlewares\PostReturnIDMiddleware.php:10
[28-Dec-2017 04:20:33 UTC] PHP  29. Slim\Handlers\Strategies\RequestResponse->__invoke() C:\xampp\htdocs\api-beautech\vendor\slim\slim\Slim\Route.php:335
[28-Dec-2017 04:20:33 UTC] PHP  30. call_user_func:{C:\xampp\htdocs\api-beautech\vendor\slim\slim\Slim\Handlers\Strategies\RequestResponse.php:41}() C:\xampp\htdocs\api-beautech\vendor\slim\slim\Slim\Handlers\Strategies\RequestResponse.php:41
[28-Dec-2017 04:20:33 UTC] PHP  31. Lib\Controllers\CustomersDetails\MediaCtrl->addMedia() C:\xampp\htdocs\api-beautech\vendor\slim\slim\Slim\Handlers\Strategies\RequestResponse.php:41
[28-Dec-2017 04:20:55 UTC] PHP Notice:  Undefined variable: msg in C:\xampp\htdocs\api-beautech\lib\Controllers\CustomersDetails\MediaCtrl.php on line 43
[28-Dec-2017 04:20:55 UTC] PHP Stack trace:
[28-Dec-2017 04:20:55 UTC] PHP   1. {main}() C:\xampp\htdocs\api-beautech\index.php:0
[28-Dec-2017 04:20:55 UTC] PHP   2. Slim\App->run() C:\xampp\htdocs\api-beautech\index.php:43
[28-Dec-2017 04:20:55 UTC] PHP   3. Slim\App->process() C:\xampp\htdocs\api-beautech\vendor\slim\slim\Slim\App.php:296
[28-Dec-2017 04:20:55 UTC] PHP   4. Slim\App->callMiddlewareStack() C:\xampp\htdocs\api-beautech\vendor\slim\slim\Slim\App.php:388
[28-Dec-2017 04:20:55 UTC] PHP   5. Slim\App->Slim\{closure}() C:\xampp\htdocs\api-beautech\vendor\slim\slim\Slim\MiddlewareAwareTrait.php:117
[28-Dec-2017 04:20:55 UTC] PHP   6. call_user_func:{C:\xampp\htdocs\api-beautech\vendor\slim\slim\Slim\MiddlewareAwareTrait.php:70}() C:\xampp\htdocs\api-beautech\vendor\slim\slim\Slim\MiddlewareAwareTrait.php:70
[28-Dec-2017 04:20:55 UTC] PHP   7. Slim\DeferredCallable->__invoke() C:\xampp\htdocs\api-beautech\vendor\slim\slim\Slim\MiddlewareAwareTrait.php:70
[28-Dec-2017 04:20:55 UTC] PHP   8. call_user_func_array:{C:\xampp\htdocs\api-beautech\vendor\slim\slim\Slim\DeferredCallable.php:43}() C:\xampp\htdocs\api-beautech\vendor\slim\slim\Slim\DeferredCallable.php:43
[28-Dec-2017 04:20:55 UTC] PHP   9. Tuupola\Middleware\Cors->__invoke() C:\xampp\htdocs\api-beautech\vendor\slim\slim\Slim\DeferredCallable.php:43
[28-Dec-2017 04:20:55 UTC] PHP  10. Slim\App->Slim\{closure}() C:\xampp\htdocs\api-beautech\vendor\tuupola\cors-middleware\src\Cors.php:86
[28-Dec-2017 04:20:55 UTC] PHP  11. call_user_func:{C:\xampp\htdocs\api-beautech\vendor\slim\slim\Slim\MiddlewareAwareTrait.php:70}() C:\xampp\htdocs\api-beautech\vendor\slim\slim\Slim\MiddlewareAwareTrait.php:70
[28-Dec-2017 04:20:55 UTC] PHP  12. Slim\DeferredCallable->__invoke() C:\xampp\htdocs\api-beautech\vendor\slim\slim\Slim\MiddlewareAwareTrait.php:70
[28-Dec-2017 04:20:55 UTC] PHP  13. call_user_func_array:{C:\xampp\htdocs\api-beautech\vendor\slim\slim\Slim\DeferredCallable.php:43}() C:\xampp\htdocs\api-beautech\vendor\slim\slim\Slim\DeferredCallable.php:43
[28-Dec-2017 04:20:55 UTC] PHP  14. Lib\Middlewares\Error503Middleware->__invoke() C:\xampp\htdocs\api-beautech\vendor\slim\slim\Slim\DeferredCallable.php:43
[28-Dec-2017 04:20:55 UTC] PHP  15. Slim\App->Slim\{closure}() C:\xampp\htdocs\api-beautech\lib\Middlewares\Error503Middleware.php:12
[28-Dec-2017 04:20:55 UTC] PHP  16. call_user_func:{C:\xampp\htdocs\api-beautech\vendor\slim\slim\Slim\MiddlewareAwareTrait.php:70}() C:\xampp\htdocs\api-beautech\vendor\slim\slim\Slim\MiddlewareAwareTrait.php:70
[28-Dec-2017 04:20:55 UTC] PHP  17. Slim\DeferredCallable->__invoke() C:\xampp\htdocs\api-beautech\vendor\slim\slim\Slim\MiddlewareAwareTrait.php:70
[28-Dec-2017 04:20:55 UTC] PHP  18. call_user_func_array:{C:\xampp\htdocs\api-beautech\vendor\slim\slim\Slim\DeferredCallable.php:43}() C:\xampp\htdocs\api-beautech\vendor\slim\slim\Slim\DeferredCallable.php:43
[28-Dec-2017 04:20:55 UTC] PHP  19. Lib\Middlewares\HeadersMiddleware->__invoke() C:\xampp\htdocs\api-beautech\vendor\slim\slim\Slim\DeferredCallable.php:43
[28-Dec-2017 04:20:55 UTC] PHP  20. Slim\App->__invoke() C:\xampp\htdocs\api-beautech\lib\Middlewares\HeadersMiddleware.php:9
[28-Dec-2017 04:20:55 UTC] PHP  21. Slim\Route->run() C:\xampp\htdocs\api-beautech\vendor\slim\slim\Slim\App.php:495
[28-Dec-2017 04:20:55 UTC] PHP  22. Slim\Route->callMiddlewareStack() C:\xampp\htdocs\api-beautech\vendor\slim\slim\Slim\Route.php:313
[28-Dec-2017 04:20:55 UTC] PHP  23. Slim\Route->Slim\{closure}() C:\xampp\htdocs\api-beautech\vendor\slim\slim\Slim\MiddlewareAwareTrait.php:117
[28-Dec-2017 04:20:55 UTC] PHP  24. call_user_func:{C:\xampp\htdocs\api-beautech\vendor\slim\slim\Slim\MiddlewareAwareTrait.php:70}() C:\xampp\htdocs\api-beautech\vendor\slim\slim\Slim\MiddlewareAwareTrait.php:70
[28-Dec-2017 04:20:55 UTC] PHP  25. Slim\DeferredCallable->__invoke() C:\xampp\htdocs\api-beautech\vendor\slim\slim\Slim\MiddlewareAwareTrait.php:70
[28-Dec-2017 04:20:55 UTC] PHP  26. call_user_func_array:{C:\xampp\htdocs\api-beautech\vendor\slim\slim\Slim\DeferredCallable.php:43}() C:\xampp\htdocs\api-beautech\vendor\slim\slim\Slim\DeferredCallable.php:43
[28-Dec-2017 04:20:55 UTC] PHP  27. Lib\Middlewares\PostReturnIDMiddleware->__invoke() C:\xampp\htdocs\api-beautech\vendor\slim\slim\Slim\DeferredCallable.php:43
[28-Dec-2017 04:20:55 UTC] PHP  28. Slim\Route->__invoke() C:\xampp\htdocs\api-beautech\lib\Middlewares\PostReturnIDMiddleware.php:10
[28-Dec-2017 04:20:55 UTC] PHP  29. Slim\Handlers\Strategies\RequestResponse->__invoke() C:\xampp\htdocs\api-beautech\vendor\slim\slim\Slim\Route.php:335
[28-Dec-2017 04:20:55 UTC] PHP  30. call_user_func:{C:\xampp\htdocs\api-beautech\vendor\slim\slim\Slim\Handlers\Strategies\RequestResponse.php:41}() C:\xampp\htdocs\api-beautech\vendor\slim\slim\Slim\Handlers\Strategies\RequestResponse.php:41
[28-Dec-2017 04:20:55 UTC] PHP  31. Lib\Controllers\CustomersDetails\MediaCtrl->addMedia() C:\xampp\htdocs\api-beautech\vendor\slim\slim\Slim\Handlers\Strategies\RequestResponse.php:41
[28-Dec-2017 04:20:55 UTC] PHP  32. Lib\Controllers\CustomersDetails\MediaCtrl::checkMedia() C:\xampp\htdocs\api-beautech\lib\Controllers\CustomersDetails\MediaCtrl.php:11
[28-Dec-2017 04:40:48 UTC] PHP Parse error:  syntax error, unexpected '$app' (T_VARIABLE) in C:\xampp\htdocs\api-beautech\routes.php on line 179
[28-Dec-2017 06:47:43 UTC] PHP Notice:  Undefined index: photo in C:\xampp\htdocs\api-beautech\lib\Controllers\CustomersDetails\MediaCtrl.php on line 49
[28-Dec-2017 06:47:43 UTC] PHP Stack trace:
[28-Dec-2017 06:47:43 UTC] PHP   1. {main}() C:\xampp\htdocs\api-beautech\index.php:0
[28-Dec-2017 06:47:43 UTC] PHP   2. Slim\App->run() C:\xampp\htdocs\api-beautech\index.php:43
[28-Dec-2017 06:47:43 UTC] PHP   3. Slim\App->process() C:\xampp\htdocs\api-beautech\vendor\slim\slim\Slim\App.php:296
[28-Dec-2017 06:47:44 UTC] PHP   4. Slim\App->callMiddlewareStack() C:\xampp\htdocs\api-beautech\vendor\slim\slim\Slim\App.php:388
[28-Dec-2017 06:47:44 UTC] PHP   5. Slim\App->Slim\{closure}() C:\xampp\htdocs\api-beautech\vendor\slim\slim\Slim\MiddlewareAwareTrait.php:117
[28-Dec-2017 06:47:44 UTC] PHP   6. call_user_func:{C:\xampp\htdocs\api-beautech\vendor\slim\slim\Slim\MiddlewareAwareTrait.php:70}() C:\xampp\htdocs\api-beautech\vendor\slim\slim\Slim\MiddlewareAwareTrait.php:70
[28-Dec-2017 06:47:44 UTC] PHP   7. Slim\DeferredCallable->__invoke() C:\xampp\htdocs\api-beautech\vendor\slim\slim\Slim\MiddlewareAwareTrait.php:70
[28-Dec-2017 06:47:44 UTC] PHP   8. call_user_func_array:{C:\xampp\htdocs\api-beautech\vendor\slim\slim\Slim\DeferredCallable.php:43}() C:\xampp\htdocs\api-beautech\vendor\slim\slim\Slim\DeferredCallable.php:43
[28-Dec-2017 06:47:44 UTC] PHP   9. Tuupola\Middleware\Cors->__invoke() C:\xampp\htdocs\api-beautech\vendor\slim\slim\Slim\DeferredCallable.php:43
[28-Dec-2017 06:47:44 UTC] PHP  10. Slim\App->Slim\{closure}() C:\xampp\htdocs\api-beautech\vendor\tuupola\cors-middleware\src\Cors.php:86
[28-Dec-2017 06:47:44 UTC] PHP  11. call_user_func:{C:\xampp\htdocs\api-beautech\vendor\slim\slim\Slim\MiddlewareAwareTrait.php:70}() C:\xampp\htdocs\api-beautech\vendor\slim\slim\Slim\MiddlewareAwareTrait.php:70
[28-Dec-2017 06:47:44 UTC] PHP  12. Slim\DeferredCallable->__invoke() C:\xampp\htdocs\api-beautech\vendor\slim\slim\Slim\MiddlewareAwareTrait.php:70
[28-Dec-2017 06:47:44 UTC] PHP  13. call_user_func_array:{C:\xampp\htdocs\api-beautech\vendor\slim\slim\Slim\DeferredCallable.php:43}() C:\xampp\htdocs\api-beautech\vendor\slim\slim\Slim\DeferredCallable.php:43
[28-Dec-2017 06:47:44 UTC] PHP  14. Lib\Middlewares\Error503Middleware->__invoke() C:\xampp\htdocs\api-beautech\vendor\slim\slim\Slim\DeferredCallable.php:43
[28-Dec-2017 06:47:44 UTC] PHP  15. Slim\App->Slim\{closure}() C:\xampp\htdocs\api-beautech\lib\Middlewares\Error503Middleware.php:12
[28-Dec-2017 06:47:44 UTC] PHP  16. call_user_func:{C:\xampp\htdocs\api-beautech\vendor\slim\slim\Slim\MiddlewareAwareTrait.php:70}() C:\xampp\htdocs\api-beautech\vendor\slim\slim\Slim\MiddlewareAwareTrait.php:70
[28-Dec-2017 06:47:44 UTC] PHP  17. Slim\DeferredCallable->__invoke() C:\xampp\htdocs\api-beautech\vendor\slim\slim\Slim\MiddlewareAwareTrait.php:70
[28-Dec-2017 06:47:44 UTC] PHP  18. call_user_func_array:{C:\xampp\htdocs\api-beautech\vendor\slim\slim\Slim\DeferredCallable.php:43}() C:\xampp\htdocs\api-beautech\vendor\slim\slim\Slim\DeferredCallable.php:43
[28-Dec-2017 06:47:44 UTC] PHP  19. Lib\Middlewares\HeadersMiddleware->__invoke() C:\xampp\htdocs\api-beautech\vendor\slim\slim\Slim\DeferredCallable.php:43
[28-Dec-2017 06:47:44 UTC] PHP  20. Slim\App->__invoke() C:\xampp\htdocs\api-beautech\lib\Middlewares\HeadersMiddleware.php:9
[28-Dec-2017 06:47:44 UTC] PHP  21. Slim\Route->run() C:\xampp\htdocs\api-beautech\vendor\slim\slim\Slim\App.php:495
[28-Dec-2017 06:47:44 UTC] PHP  22. Slim\Route->callMiddlewareStack() C:\xampp\htdocs\api-beautech\vendor\slim\slim\Slim\Route.php:313
[28-Dec-2017 06:47:44 UTC] PHP  23. Slim\Route->__invoke() C:\xampp\htdocs\api-beautech\vendor\slim\slim\Slim\MiddlewareAwareTrait.php:117
[28-Dec-2017 06:47:44 UTC] PHP  24. Slim\Handlers\Strategies\RequestResponse->__invoke() C:\xampp\htdocs\api-beautech\vendor\slim\slim\Slim\Route.php:335
[28-Dec-2017 06:47:44 UTC] PHP  25. call_user_func:{C:\xampp\htdocs\api-beautech\vendor\slim\slim\Slim\Handlers\Strategies\RequestResponse.php:41}() C:\xampp\htdocs\api-beautech\vendor\slim\slim\Slim\Handlers\Strategies\RequestResponse.php:41
[28-Dec-2017 06:47:44 UTC] PHP  26. Lib\Controllers\CustomersDetails\ClientsCtrl->setProfileImageFromClient() C:\xampp\htdocs\api-beautech\vendor\slim\slim\Slim\Handlers\Strategies\RequestResponse.php:41
[28-Dec-2017 06:47:44 UTC] PHP  27. Lib\Controllers\CustomersDetails\MediaCtrl::checkMedia() C:\xampp\htdocs\api-beautech\lib\Controllers\CustomersDetails\ClientsCtrl.php:79
[28-Dec-2017 06:50:09 UTC] PHP Notice:  Undefined index: photo in C:\xampp\htdocs\api-beautech\lib\Controllers\CustomersDetails\MediaCtrl.php on line 51
[28-Dec-2017 06:50:09 UTC] PHP Stack trace:
[28-Dec-2017 06:50:09 UTC] PHP   1. {main}() C:\xampp\htdocs\api-beautech\index.php:0
[28-Dec-2017 06:50:09 UTC] PHP   2. Slim\App->run() C:\xampp\htdocs\api-beautech\index.php:43
[28-Dec-2017 06:50:09 UTC] PHP   3. Slim\App->process() C:\xampp\htdocs\api-beautech\vendor\slim\slim\Slim\App.php:296
[28-Dec-2017 06:50:09 UTC] PHP   4. Slim\App->callMiddlewareStack() C:\xampp\htdocs\api-beautech\vendor\slim\slim\Slim\App.php:388
[28-Dec-2017 06:50:09 UTC] PHP   5. Slim\App->Slim\{closure}() C:\xampp\htdocs\api-beautech\vendor\slim\slim\Slim\MiddlewareAwareTrait.php:117
[28-Dec-2017 06:50:09 UTC] PHP   6. call_user_func:{C:\xampp\htdocs\api-beautech\vendor\slim\slim\Slim\MiddlewareAwareTrait.php:70}() C:\xampp\htdocs\api-beautech\vendor\slim\slim\Slim\MiddlewareAwareTrait.php:70
[28-Dec-2017 06:50:09 UTC] PHP   7. Slim\DeferredCallable->__invoke() C:\xampp\htdocs\api-beautech\vendor\slim\slim\Slim\MiddlewareAwareTrait.php:70
[28-Dec-2017 06:50:09 UTC] PHP   8. call_user_func_array:{C:\xampp\htdocs\api-beautech\vendor\slim\slim\Slim\DeferredCallable.php:43}() C:\xampp\htdocs\api-beautech\vendor\slim\slim\Slim\DeferredCallable.php:43
[28-Dec-2017 06:50:09 UTC] PHP   9. Tuupola\Middleware\Cors->__invoke() C:\xampp\htdocs\api-beautech\vendor\slim\slim\Slim\DeferredCallable.php:43
[28-Dec-2017 06:50:09 UTC] PHP  10. Slim\App->Slim\{closure}() C:\xampp\htdocs\api-beautech\vendor\tuupola\cors-middleware\src\Cors.php:86
[28-Dec-2017 06:50:09 UTC] PHP  11. call_user_func:{C:\xampp\htdocs\api-beautech\vendor\slim\slim\Slim\MiddlewareAwareTrait.php:70}() C:\xampp\htdocs\api-beautech\vendor\slim\slim\Slim\MiddlewareAwareTrait.php:70
[28-Dec-2017 06:50:09 UTC] PHP  12. Slim\DeferredCallable->__invoke() C:\xampp\htdocs\api-beautech\vendor\slim\slim\Slim\MiddlewareAwareTrait.php:70
[28-Dec-2017 06:50:09 UTC] PHP  13. call_user_func_array:{C:\xampp\htdocs\api-beautech\vendor\slim\slim\Slim\DeferredCallable.php:43}() C:\xampp\htdocs\api-beautech\vendor\slim\slim\Slim\DeferredCallable.php:43
[28-Dec-2017 06:50:09 UTC] PHP  14. Lib\Middlewares\Error503Middleware->__invoke() C:\xampp\htdocs\api-beautech\vendor\slim\slim\Slim\DeferredCallable.php:43
[28-Dec-2017 06:50:09 UTC] PHP  15. Slim\App->Slim\{closure}() C:\xampp\htdocs\api-beautech\lib\Middlewares\Error503Middleware.php:12
[28-Dec-2017 06:50:09 UTC] PHP  16. call_user_func:{C:\xampp\htdocs\api-beautech\vendor\slim\slim\Slim\MiddlewareAwareTrait.php:70}() C:\xampp\htdocs\api-beautech\vendor\slim\slim\Slim\MiddlewareAwareTrait.php:70
[28-Dec-2017 06:50:09 UTC] PHP  17. Slim\DeferredCallable->__invoke() C:\xampp\htdocs\api-beautech\vendor\slim\slim\Slim\MiddlewareAwareTrait.php:70
[28-Dec-2017 06:50:09 UTC] PHP  18. call_user_func_array:{C:\xampp\htdocs\api-beautech\vendor\slim\slim\Slim\DeferredCallable.php:43}() C:\xampp\htdocs\api-beautech\vendor\slim\slim\Slim\DeferredCallable.php:43
[28-Dec-2017 06:50:09 UTC] PHP  19. Lib\Middlewares\HeadersMiddleware->__invoke() C:\xampp\htdocs\api-beautech\vendor\slim\slim\Slim\DeferredCallable.php:43
[28-Dec-2017 06:50:09 UTC] PHP  20. Slim\App->__invoke() C:\xampp\htdocs\api-beautech\lib\Middlewares\HeadersMiddleware.php:9
[28-Dec-2017 06:50:09 UTC] PHP  21. Slim\Route->run() C:\xampp\htdocs\api-beautech\vendor\slim\slim\Slim\App.php:495
[28-Dec-2017 06:50:09 UTC] PHP  22. Slim\Route->callMiddlewareStack() C:\xampp\htdocs\api-beautech\vendor\slim\slim\Slim\Route.php:313
[28-Dec-2017 06:50:09 UTC] PHP  23. Slim\Route->__invoke() C:\xampp\htdocs\api-beautech\vendor\slim\slim\Slim\MiddlewareAwareTrait.php:117
[28-Dec-2017 06:50:09 UTC] PHP  24. Slim\Handlers\Strategies\RequestResponse->__invoke() C:\xampp\htdocs\api-beautech\vendor\slim\slim\Slim\Route.php:335
[28-Dec-2017 06:50:09 UTC] PHP  25. call_user_func:{C:\xampp\htdocs\api-beautech\vendor\slim\slim\Slim\Handlers\Strategies\RequestResponse.php:41}() C:\xampp\htdocs\api-beautech\vendor\slim\slim\Slim\Handlers\Strategies\RequestResponse.php:41
[28-Dec-2017 06:50:09 UTC] PHP  26. Lib\Controllers\CustomersDetails\ClientsCtrl->setProfileImageFromClient() C:\xampp\htdocs\api-beautech\vendor\slim\slim\Slim\Handlers\Strategies\RequestResponse.php:41
[28-Dec-2017 06:50:09 UTC] PHP  27. Lib\Controllers\CustomersDetails\MediaCtrl::checkMedia() C:\xampp\htdocs\api-beautech\lib\Controllers\CustomersDetails\ClientsCtrl.php:79
[28-Dec-2017 06:51:15 UTC] PHP Notice:  Undefined index: photo in C:\xampp\htdocs\api-beautech\lib\Controllers\CustomersDetails\MediaCtrl.php on line 52
[28-Dec-2017 06:51:15 UTC] PHP Stack trace:
[28-Dec-2017 06:51:15 UTC] PHP   1. {main}() C:\xampp\htdocs\api-beautech\index.php:0
[28-Dec-2017 06:51:15 UTC] PHP   2. Slim\App->run() C:\xampp\htdocs\api-beautech\index.php:43
[28-Dec-2017 06:51:15 UTC] PHP   3. Slim\App->process() C:\xampp\htdocs\api-beautech\vendor\slim\slim\Slim\App.php:296
[28-Dec-2017 06:51:15 UTC] PHP   4. Slim\App->callMiddlewareStack() C:\xampp\htdocs\api-beautech\vendor\slim\slim\Slim\App.php:388
[28-Dec-2017 06:51:15 UTC] PHP   5. Slim\App->Slim\{closure}() C:\xampp\htdocs\api-beautech\vendor\slim\slim\Slim\MiddlewareAwareTrait.php:117
[28-Dec-2017 06:51:15 UTC] PHP   6. call_user_func:{C:\xampp\htdocs\api-beautech\vendor\slim\slim\Slim\MiddlewareAwareTrait.php:70}() C:\xampp\htdocs\api-beautech\vendor\slim\slim\Slim\MiddlewareAwareTrait.php:70
[28-Dec-2017 06:51:15 UTC] PHP   7. Slim\DeferredCallable->__invoke() C:\xampp\htdocs\api-beautech\vendor\slim\slim\Slim\MiddlewareAwareTrait.php:70
[28-Dec-2017 06:51:15 UTC] PHP   8. call_user_func_array:{C:\xampp\htdocs\api-beautech\vendor\slim\slim\Slim\DeferredCallable.php:43}() C:\xampp\htdocs\api-beautech\vendor\slim\slim\Slim\DeferredCallable.php:43
[28-Dec-2017 06:51:15 UTC] PHP   9. Tuupola\Middleware\Cors->__invoke() C:\xampp\htdocs\api-beautech\vendor\slim\slim\Slim\DeferredCallable.php:43
[28-Dec-2017 06:51:15 UTC] PHP  10. Slim\App->Slim\{closure}() C:\xampp\htdocs\api-beautech\vendor\tuupola\cors-middleware\src\Cors.php:86
[28-Dec-2017 06:51:15 UTC] PHP  11. call_user_func:{C:\xampp\htdocs\api-beautech\vendor\slim\slim\Slim\MiddlewareAwareTrait.php:70}() C:\xampp\htdocs\api-beautech\vendor\slim\slim\Slim\MiddlewareAwareTrait.php:70
[28-Dec-2017 06:51:15 UTC] PHP  12. Slim\DeferredCallable->__invoke() C:\xampp\htdocs\api-beautech\vendor\slim\slim\Slim\MiddlewareAwareTrait.php:70
[28-Dec-2017 06:51:15 UTC] PHP  13. call_user_func_array:{C:\xampp\htdocs\api-beautech\vendor\slim\slim\Slim\DeferredCallable.php:43}() C:\xampp\htdocs\api-beautech\vendor\slim\slim\Slim\DeferredCallable.php:43
[28-Dec-2017 06:51:15 UTC] PHP  14. Lib\Middlewares\Error503Middleware->__invoke() C:\xampp\htdocs\api-beautech\vendor\slim\slim\Slim\DeferredCallable.php:43
[28-Dec-2017 06:51:15 UTC] PHP  15. Slim\App->Slim\{closure}() C:\xampp\htdocs\api-beautech\lib\Middlewares\Error503Middleware.php:12
[28-Dec-2017 06:51:15 UTC] PHP  16. call_user_func:{C:\xampp\htdocs\api-beautech\vendor\slim\slim\Slim\MiddlewareAwareTrait.php:70}() C:\xampp\htdocs\api-beautech\vendor\slim\slim\Slim\MiddlewareAwareTrait.php:70
[28-Dec-2017 06:51:15 UTC] PHP  17. Slim\DeferredCallable->__invoke() C:\xampp\htdocs\api-beautech\vendor\slim\slim\Slim\MiddlewareAwareTrait.php:70
[28-Dec-2017 06:51:15 UTC] PHP  18. call_user_func_array:{C:\xampp\htdocs\api-beautech\vendor\slim\slim\Slim\DeferredCallable.php:43}() C:\xampp\htdocs\api-beautech\vendor\slim\slim\Slim\DeferredCallable.php:43
[28-Dec-2017 06:51:15 UTC] PHP  19. Lib\Middlewares\HeadersMiddleware->__invoke() C:\xampp\htdocs\api-beautech\vendor\slim\slim\Slim\DeferredCallable.php:43
[28-Dec-2017 06:51:15 UTC] PHP  20. Slim\App->__invoke() C:\xampp\htdocs\api-beautech\lib\Middlewares\HeadersMiddleware.php:9
[28-Dec-2017 06:51:15 UTC] PHP  21. Slim\Route->run() C:\xampp\htdocs\api-beautech\vendor\slim\slim\Slim\App.php:495
[28-Dec-2017 06:51:15 UTC] PHP  22. Slim\Route->callMiddlewareStack() C:\xampp\htdocs\api-beautech\vendor\slim\slim\Slim\Route.php:313
[28-Dec-2017 06:51:15 UTC] PHP  23. Slim\Route->__invoke() C:\xampp\htdocs\api-beautech\vendor\slim\slim\Slim\MiddlewareAwareTrait.php:117
[28-Dec-2017 06:51:15 UTC] PHP  24. Slim\Handlers\Strategies\RequestResponse->__invoke() C:\xampp\htdocs\api-beautech\vendor\slim\slim\Slim\Route.php:335
[28-Dec-2017 06:51:15 UTC] PHP  25. call_user_func:{C:\xampp\htdocs\api-beautech\vendor\slim\slim\Slim\Handlers\Strategies\RequestResponse.php:41}() C:\xampp\htdocs\api-beautech\vendor\slim\slim\Slim\Handlers\Strategies\RequestResponse.php:41
[28-Dec-2017 06:51:15 UTC] PHP  26. Lib\Controllers\CustomersDetails\ClientsCtrl->setProfileImageFromClient() C:\xampp\htdocs\api-beautech\vendor\slim\slim\Slim\Handlers\Strategies\RequestResponse.php:41
[28-Dec-2017 06:51:15 UTC] PHP  27. Lib\Controllers\CustomersDetails\MediaCtrl::checkMedia() C:\xampp\htdocs\api-beautech\lib\Controllers\CustomersDetails\ClientsCtrl.php:79
[28-Dec-2017 06:53:29 UTC] PHP Notice:  Undefined index: photo in C:\xampp\htdocs\api-beautech\lib\Controllers\CustomersDetails\MediaCtrl.php on line 52
[28-Dec-2017 06:53:29 UTC] PHP Stack trace:
[28-Dec-2017 06:53:29 UTC] PHP   1. {main}() C:\xampp\htdocs\api-beautech\index.php:0
[28-Dec-2017 06:53:29 UTC] PHP   2. Slim\App->run() C:\xampp\htdocs\api-beautech\index.php:43
[28-Dec-2017 06:53:29 UTC] PHP   3. Slim\App->process() C:\xampp\htdocs\api-beautech\vendor\slim\slim\Slim\App.php:296
[28-Dec-2017 06:53:29 UTC] PHP   4. Slim\App->callMiddlewareStack() C:\xampp\htdocs\api-beautech\vendor\slim\slim\Slim\App.php:388
[28-Dec-2017 06:53:29 UTC] PHP   5. Slim\App->Slim\{closure}() C:\xampp\htdocs\api-beautech\vendor\slim\slim\Slim\MiddlewareAwareTrait.php:117
[28-Dec-2017 06:53:29 UTC] PHP   6. call_user_func:{C:\xampp\htdocs\api-beautech\vendor\slim\slim\Slim\MiddlewareAwareTrait.php:70}() C:\xampp\htdocs\api-beautech\vendor\slim\slim\Slim\MiddlewareAwareTrait.php:70
[28-Dec-2017 06:53:30 UTC] PHP   7. Slim\DeferredCallable->__invoke() C:\xampp\htdocs\api-beautech\vendor\slim\slim\Slim\MiddlewareAwareTrait.php:70
[28-Dec-2017 06:53:30 UTC] PHP   8. call_user_func_array:{C:\xampp\htdocs\api-beautech\vendor\slim\slim\Slim\DeferredCallable.php:43}() C:\xampp\htdocs\api-beautech\vendor\slim\slim\Slim\DeferredCallable.php:43
[28-Dec-2017 06:53:30 UTC] PHP   9. Tuupola\Middleware\Cors->__invoke() C:\xampp\htdocs\api-beautech\vendor\slim\slim\Slim\DeferredCallable.php:43
[28-Dec-2017 06:53:30 UTC] PHP  10. Slim\App->Slim\{closure}() C:\xampp\htdocs\api-beautech\vendor\tuupola\cors-middleware\src\Cors.php:86
[28-Dec-2017 06:53:30 UTC] PHP  11. call_user_func:{C:\xampp\htdocs\api-beautech\vendor\slim\slim\Slim\MiddlewareAwareTrait.php:70}() C:\xampp\htdocs\api-beautech\vendor\slim\slim\Slim\MiddlewareAwareTrait.php:70
[28-Dec-2017 06:53:30 UTC] PHP  12. Slim\DeferredCallable->__invoke() C:\xampp\htdocs\api-beautech\vendor\slim\slim\Slim\MiddlewareAwareTrait.php:70
[28-Dec-2017 06:53:30 UTC] PHP  13. call_user_func_array:{C:\xampp\htdocs\api-beautech\vendor\slim\slim\Slim\DeferredCallable.php:43}() C:\xampp\htdocs\api-beautech\vendor\slim\slim\Slim\DeferredCallable.php:43
[28-Dec-2017 06:53:30 UTC] PHP  14. Lib\Middlewares\Error503Middleware->__invoke() C:\xampp\htdocs\api-beautech\vendor\slim\slim\Slim\DeferredCallable.php:43
[28-Dec-2017 06:53:30 UTC] PHP  15. Slim\App->Slim\{closure}() C:\xampp\htdocs\api-beautech\lib\Middlewares\Error503Middleware.php:12
[28-Dec-2017 06:53:30 UTC] PHP  16. call_user_func:{C:\xampp\htdocs\api-beautech\vendor\slim\slim\Slim\MiddlewareAwareTrait.php:70}() C:\xampp\htdocs\api-beautech\vendor\slim\slim\Slim\MiddlewareAwareTrait.php:70
[28-Dec-2017 06:53:30 UTC] PHP  17. Slim\DeferredCallable->__invoke() C:\xampp\htdocs\api-beautech\vendor\slim\slim\Slim\MiddlewareAwareTrait.php:70
[28-Dec-2017 06:53:30 UTC] PHP  18. call_user_func_array:{C:\xampp\htdocs\api-beautech\vendor\slim\slim\Slim\DeferredCallable.php:43}() C:\xampp\htdocs\api-beautech\vendor\slim\slim\Slim\DeferredCallable.php:43
[28-Dec-2017 06:53:30 UTC] PHP  19. Lib\Middlewares\HeadersMiddleware->__invoke() C:\xampp\htdocs\api-beautech\vendor\slim\slim\Slim\DeferredCallable.php:43
[28-Dec-2017 06:53:30 UTC] PHP  20. Slim\App->__invoke() C:\xampp\htdocs\api-beautech\lib\Middlewares\HeadersMiddleware.php:9
[28-Dec-2017 06:53:30 UTC] PHP  21. Slim\Route->run() C:\xampp\htdocs\api-beautech\vendor\slim\slim\Slim\App.php:495
[28-Dec-2017 06:53:30 UTC] PHP  22. Slim\Route->callMiddlewareStack() C:\xampp\htdocs\api-beautech\vendor\slim\slim\Slim\Route.php:313
[28-Dec-2017 06:53:30 UTC] PHP  23. Slim\Route->__invoke() C:\xampp\htdocs\api-beautech\vendor\slim\slim\Slim\MiddlewareAwareTrait.php:117
[28-Dec-2017 06:53:30 UTC] PHP  24. Slim\Handlers\Strategies\RequestResponse->__invoke() C:\xampp\htdocs\api-beautech\vendor\slim\slim\Slim\Route.php:335
[28-Dec-2017 06:53:30 UTC] PHP  25. call_user_func:{C:\xampp\htdocs\api-beautech\vendor\slim\slim\Slim\Handlers\Strategies\RequestResponse.php:41}() C:\xampp\htdocs\api-beautech\vendor\slim\slim\Slim\Handlers\Strategies\RequestResponse.php:41
[28-Dec-2017 06:53:30 UTC] PHP  26. Lib\Controllers\CustomersDetails\ClientsCtrl->setProfileImageFromClient() C:\xampp\htdocs\api-beautech\vendor\slim\slim\Slim\Handlers\Strategies\RequestResponse.php:41
[28-Dec-2017 06:53:30 UTC] PHP  27. Lib\Controllers\CustomersDetails\MediaCtrl::checkMedia() C:\xampp\htdocs\api-beautech\lib\Controllers\CustomersDetails\ClientsCtrl.php:79
[28-Dec-2017 06:56:05 UTC] PHP Notice:  Undefined index: photo in C:\xampp\htdocs\api-beautech\lib\Controllers\CustomersDetails\MediaCtrl.php on line 52
[28-Dec-2017 06:56:05 UTC] PHP Stack trace:
[28-Dec-2017 06:56:05 UTC] PHP   1. {main}() C:\xampp\htdocs\api-beautech\index.php:0
[28-Dec-2017 06:56:05 UTC] PHP   2. Slim\App->run() C:\xampp\htdocs\api-beautech\index.php:43
[28-Dec-2017 06:56:06 UTC] PHP   3. Slim\App->process() C:\xampp\htdocs\api-beautech\vendor\slim\slim\Slim\App.php:296
[28-Dec-2017 06:56:06 UTC] PHP   4. Slim\App->callMiddlewareStack() C:\xampp\htdocs\api-beautech\vendor\slim\slim\Slim\App.php:388
[28-Dec-2017 06:56:06 UTC] PHP   5. Slim\App->Slim\{closure}() C:\xampp\htdocs\api-beautech\vendor\slim\slim\Slim\MiddlewareAwareTrait.php:117
[28-Dec-2017 06:56:06 UTC] PHP   6. call_user_func:{C:\xampp\htdocs\api-beautech\vendor\slim\slim\Slim\MiddlewareAwareTrait.php:70}() C:\xampp\htdocs\api-beautech\vendor\slim\slim\Slim\MiddlewareAwareTrait.php:70
[28-Dec-2017 06:56:06 UTC] PHP   7. Slim\DeferredCallable->__invoke() C:\xampp\htdocs\api-beautech\vendor\slim\slim\Slim\MiddlewareAwareTrait.php:70
[28-Dec-2017 06:56:06 UTC] PHP   8. call_user_func_array:{C:\xampp\htdocs\api-beautech\vendor\slim\slim\Slim\DeferredCallable.php:43}() C:\xampp\htdocs\api-beautech\vendor\slim\slim\Slim\DeferredCallable.php:43
[28-Dec-2017 06:56:06 UTC] PHP   9. Tuupola\Middleware\Cors->__invoke() C:\xampp\htdocs\api-beautech\vendor\slim\slim\Slim\DeferredCallable.php:43
[28-Dec-2017 06:56:06 UTC] PHP  10. Slim\App->Slim\{closure}() C:\xampp\htdocs\api-beautech\vendor\tuupola\cors-middleware\src\Cors.php:86
[28-Dec-2017 06:56:06 UTC] PHP  11. call_user_func:{C:\xampp\htdocs\api-beautech\vendor\slim\slim\Slim\MiddlewareAwareTrait.php:70}() C:\xampp\htdocs\api-beautech\vendor\slim\slim\Slim\MiddlewareAwareTrait.php:70
[28-Dec-2017 06:56:06 UTC] PHP  12. Slim\DeferredCallable->__invoke() C:\xampp\htdocs\api-beautech\vendor\slim\slim\Slim\MiddlewareAwareTrait.php:70
[28-Dec-2017 06:56:06 UTC] PHP  13. call_user_func_array:{C:\xampp\htdocs\api-beautech\vendor\slim\slim\Slim\DeferredCallable.php:43}() C:\xampp\htdocs\api-beautech\vendor\slim\slim\Slim\DeferredCallable.php:43
[28-Dec-2017 06:56:06 UTC] PHP  14. Lib\Middlewares\Error503Middleware->__invoke() C:\xampp\htdocs\api-beautech\vendor\slim\slim\Slim\DeferredCallable.php:43
[28-Dec-2017 06:56:06 UTC] PHP  15. Slim\App->Slim\{closure}() C:\xampp\htdocs\api-beautech\lib\Middlewares\Error503Middleware.php:12
[28-Dec-2017 06:56:06 UTC] PHP  16. call_user_func:{C:\xampp\htdocs\api-beautech\vendor\slim\slim\Slim\MiddlewareAwareTrait.php:70}() C:\xampp\htdocs\api-beautech\vendor\slim\slim\Slim\MiddlewareAwareTrait.php:70
[28-Dec-2017 06:56:06 UTC] PHP  17. Slim\DeferredCallable->__invoke() C:\xampp\htdocs\api-beautech\vendor\slim\slim\Slim\MiddlewareAwareTrait.php:70
[28-Dec-2017 06:56:06 UTC] PHP  18. call_user_func_array:{C:\xampp\htdocs\api-beautech\vendor\slim\slim\Slim\DeferredCallable.php:43}() C:\xampp\htdocs\api-beautech\vendor\slim\slim\Slim\DeferredCallable.php:43
[28-Dec-2017 06:56:06 UTC] PHP  19. Lib\Middlewares\HeadersMiddleware->__invoke() C:\xampp\htdocs\api-beautech\vendor\slim\slim\Slim\DeferredCallable.php:43
[28-Dec-2017 06:56:06 UTC] PHP  20. Slim\App->__invoke() C:\xampp\htdocs\api-beautech\lib\Middlewares\HeadersMiddleware.php:9
[28-Dec-2017 06:56:06 UTC] PHP  21. Slim\Route->run() C:\xampp\htdocs\api-beautech\vendor\slim\slim\Slim\App.php:495
[28-Dec-2017 06:56:06 UTC] PHP  22. Slim\Route->callMiddlewareStack() C:\xampp\htdocs\api-beautech\vendor\slim\slim\Slim\Route.php:313
[28-Dec-2017 06:56:06 UTC] PHP  23. Slim\Route->__invoke() C:\xampp\htdocs\api-beautech\vendor\slim\slim\Slim\MiddlewareAwareTrait.php:117
[28-Dec-2017 06:56:06 UTC] PHP  24. Slim\Handlers\Strategies\RequestResponse->__invoke() C:\xampp\htdocs\api-beautech\vendor\slim\slim\Slim\Route.php:335
[28-Dec-2017 06:56:06 UTC] PHP  25. call_user_func:{C:\xampp\htdocs\api-beautech\vendor\slim\slim\Slim\Handlers\Strategies\RequestResponse.php:41}() C:\xampp\htdocs\api-beautech\vendor\slim\slim\Slim\Handlers\Strategies\RequestResponse.php:41
[28-Dec-2017 06:56:06 UTC] PHP  26. Lib\Controllers\CustomersDetails\ClientsCtrl->setProfileImageFromClient() C:\xampp\htdocs\api-beautech\vendor\slim\slim\Slim\Handlers\Strategies\RequestResponse.php:41
[28-Dec-2017 06:56:06 UTC] PHP  27. Lib\Controllers\CustomersDetails\MediaCtrl::checkMedia() C:\xampp\htdocs\api-beautech\lib\Controllers\CustomersDetails\ClientsCtrl.php:81
[28-Dec-2017 06:56:41 UTC] PHP Notice:  Undefined index: photo in C:\xampp\htdocs\api-beautech\lib\Controllers\CustomersDetails\MediaCtrl.php on line 52
[28-Dec-2017 06:56:41 UTC] PHP Stack trace:
[28-Dec-2017 06:56:41 UTC] PHP   1. {main}() C:\xampp\htdocs\api-beautech\index.php:0
[28-Dec-2017 06:56:41 UTC] PHP   2. Slim\App->run() C:\xampp\htdocs\api-beautech\index.php:43
[28-Dec-2017 06:56:41 UTC] PHP   3. Slim\App->process() C:\xampp\htdocs\api-beautech\vendor\slim\slim\Slim\App.php:296
[28-Dec-2017 06:56:41 UTC] PHP   4. Slim\App->callMiddlewareStack() C:\xampp\htdocs\api-beautech\vendor\slim\slim\Slim\App.php:388
[28-Dec-2017 06:56:41 UTC] PHP   5. Slim\App->Slim\{closure}() C:\xampp\htdocs\api-beautech\vendor\slim\slim\Slim\MiddlewareAwareTrait.php:117
[28-Dec-2017 06:56:41 UTC] PHP   6. call_user_func:{C:\xampp\htdocs\api-beautech\vendor\slim\slim\Slim\MiddlewareAwareTrait.php:70}() C:\xampp\htdocs\api-beautech\vendor\slim\slim\Slim\MiddlewareAwareTrait.php:70
[28-Dec-2017 06:56:41 UTC] PHP   7. Slim\DeferredCallable->__invoke() C:\xampp\htdocs\api-beautech\vendor\slim\slim\Slim\MiddlewareAwareTrait.php:70
[28-Dec-2017 06:56:41 UTC] PHP   8. call_user_func_array:{C:\xampp\htdocs\api-beautech\vendor\slim\slim\Slim\DeferredCallable.php:43}() C:\xampp\htdocs\api-beautech\vendor\slim\slim\Slim\DeferredCallable.php:43
[28-Dec-2017 06:56:41 UTC] PHP   9. Tuupola\Middleware\Cors->__invoke() C:\xampp\htdocs\api-beautech\vendor\slim\slim\Slim\DeferredCallable.php:43
[28-Dec-2017 06:56:41 UTC] PHP  10. Slim\App->Slim\{closure}() C:\xampp\htdocs\api-beautech\vendor\tuupola\cors-middleware\src\Cors.php:86
[28-Dec-2017 06:56:41 UTC] PHP  11. call_user_func:{C:\xampp\htdocs\api-beautech\vendor\slim\slim\Slim\MiddlewareAwareTrait.php:70}() C:\xampp\htdocs\api-beautech\vendor\slim\slim\Slim\MiddlewareAwareTrait.php:70
[28-Dec-2017 06:56:41 UTC] PHP  12. Slim\DeferredCallable->__invoke() C:\xampp\htdocs\api-beautech\vendor\slim\slim\Slim\MiddlewareAwareTrait.php:70
[28-Dec-2017 06:56:41 UTC] PHP  13. call_user_func_array:{C:\xampp\htdocs\api-beautech\vendor\slim\slim\Slim\DeferredCallable.php:43}() C:\xampp\htdocs\api-beautech\vendor\slim\slim\Slim\DeferredCallable.php:43
[28-Dec-2017 06:56:41 UTC] PHP  14. Lib\Middlewares\Error503Middleware->__invoke() C:\xampp\htdocs\api-beautech\vendor\slim\slim\Slim\DeferredCallable.php:43
[28-Dec-2017 06:56:41 UTC] PHP  15. Slim\App->Slim\{closure}() C:\xampp\htdocs\api-beautech\lib\Middlewares\Error503Middleware.php:12
[28-Dec-2017 06:56:41 UTC] PHP  16. call_user_func:{C:\xampp\htdocs\api-beautech\vendor\slim\slim\Slim\MiddlewareAwareTrait.php:70}() C:\xampp\htdocs\api-beautech\vendor\slim\slim\Slim\MiddlewareAwareTrait.php:70
[28-Dec-2017 06:56:41 UTC] PHP  17. Slim\DeferredCallable->__invoke() C:\xampp\htdocs\api-beautech\vendor\slim\slim\Slim\MiddlewareAwareTrait.php:70
[28-Dec-2017 06:56:41 UTC] PHP  18. call_user_func_array:{C:\xampp\htdocs\api-beautech\vendor\slim\slim\Slim\DeferredCallable.php:43}() C:\xampp\htdocs\api-beautech\vendor\slim\slim\Slim\DeferredCallable.php:43
[28-Dec-2017 06:56:41 UTC] PHP  19. Lib\Middlewares\HeadersMiddleware->__invoke() C:\xampp\htdocs\api-beautech\vendor\slim\slim\Slim\DeferredCallable.php:43
[28-Dec-2017 06:56:41 UTC] PHP  20. Slim\App->__invoke() C:\xampp\htdocs\api-beautech\lib\Middlewares\HeadersMiddleware.php:9
[28-Dec-2017 06:56:41 UTC] PHP  21. Slim\Route->run() C:\xampp\htdocs\api-beautech\vendor\slim\slim\Slim\App.php:495
[28-Dec-2017 06:56:41 UTC] PHP  22. Slim\Route->callMiddlewareStack() C:\xampp\htdocs\api-beautech\vendor\slim\slim\Slim\Route.php:313
[28-Dec-2017 06:56:41 UTC] PHP  23. Slim\Route->__invoke() C:\xampp\htdocs\api-beautech\vendor\slim\slim\Slim\MiddlewareAwareTrait.php:117
[28-Dec-2017 06:56:41 UTC] PHP  24. Slim\Handlers\Strategies\RequestResponse->__invoke() C:\xampp\htdocs\api-beautech\vendor\slim\slim\Slim\Route.php:335
[28-Dec-2017 06:56:42 UTC] PHP  25. call_user_func:{C:\xampp\htdocs\api-beautech\vendor\slim\slim\Slim\Handlers\Strategies\RequestResponse.php:41}() C:\xampp\htdocs\api-beautech\vendor\slim\slim\Slim\Handlers\Strategies\RequestResponse.php:41
[28-Dec-2017 06:56:42 UTC] PHP  26. Lib\Controllers\CustomersDetails\ClientsCtrl->setProfileImageFromClient() C:\xampp\htdocs\api-beautech\vendor\slim\slim\Slim\Handlers\Strategies\RequestResponse.php:41
[28-Dec-2017 06:56:42 UTC] PHP  27. Lib\Controllers\CustomersDetails\MediaCtrl::checkMedia() C:\xampp\htdocs\api-beautech\lib\Controllers\CustomersDetails\ClientsCtrl.php:81
[28-Dec-2017 07:00:01 UTC] PHP Notice:  Undefined index: photo in C:\xampp\htdocs\api-beautech\lib\Controllers\CustomersDetails\MediaCtrl.php on line 51
[28-Dec-2017 07:00:01 UTC] PHP Stack trace:
[28-Dec-2017 07:00:01 UTC] PHP   1. {main}() C:\xampp\htdocs\api-beautech\index.php:0
[28-Dec-2017 07:00:01 UTC] PHP   2. Slim\App->run() C:\xampp\htdocs\api-beautech\index.php:43
[28-Dec-2017 07:00:01 UTC] PHP   3. Slim\App->process() C:\xampp\htdocs\api-beautech\vendor\slim\slim\Slim\App.php:296
[28-Dec-2017 07:00:01 UTC] PHP   4. Slim\App->callMiddlewareStack() C:\xampp\htdocs\api-beautech\vendor\slim\slim\Slim\App.php:388
[28-Dec-2017 07:00:01 UTC] PHP   5. Slim\App->Slim\{closure}() C:\xampp\htdocs\api-beautech\vendor\slim\slim\Slim\MiddlewareAwareTrait.php:117
[28-Dec-2017 07:00:01 UTC] PHP   6. call_user_func:{C:\xampp\htdocs\api-beautech\vendor\slim\slim\Slim\MiddlewareAwareTrait.php:70}() C:\xampp\htdocs\api-beautech\vendor\slim\slim\Slim\MiddlewareAwareTrait.php:70
[28-Dec-2017 07:00:01 UTC] PHP   7. Slim\DeferredCallable->__invoke() C:\xampp\htdocs\api-beautech\vendor\slim\slim\Slim\MiddlewareAwareTrait.php:70
[28-Dec-2017 07:00:01 UTC] PHP   8. call_user_func_array:{C:\xampp\htdocs\api-beautech\vendor\slim\slim\Slim\DeferredCallable.php:43}() C:\xampp\htdocs\api-beautech\vendor\slim\slim\Slim\DeferredCallable.php:43
[28-Dec-2017 07:00:01 UTC] PHP   9. Tuupola\Middleware\Cors->__invoke() C:\xampp\htdocs\api-beautech\vendor\slim\slim\Slim\DeferredCallable.php:43
[28-Dec-2017 07:00:01 UTC] PHP  10. Slim\App->Slim\{closure}() C:\xampp\htdocs\api-beautech\vendor\tuupola\cors-middleware\src\Cors.php:86
[28-Dec-2017 07:00:01 UTC] PHP  11. call_user_func:{C:\xampp\htdocs\api-beautech\vendor\slim\slim\Slim\MiddlewareAwareTrait.php:70}() C:\xampp\htdocs\api-beautech\vendor\slim\slim\Slim\MiddlewareAwareTrait.php:70
[28-Dec-2017 07:00:01 UTC] PHP  12. Slim\DeferredCallable->__invoke() C:\xampp\htdocs\api-beautech\vendor\slim\slim\Slim\MiddlewareAwareTrait.php:70
[28-Dec-2017 07:00:01 UTC] PHP  13. call_user_func_array:{C:\xampp\htdocs\api-beautech\vendor\slim\slim\Slim\DeferredCallable.php:43}() C:\xampp\htdocs\api-beautech\vendor\slim\slim\Slim\DeferredCallable.php:43
[28-Dec-2017 07:00:01 UTC] PHP  14. Lib\Middlewares\Error503Middleware->__invoke() C:\xampp\htdocs\api-beautech\vendor\slim\slim\Slim\DeferredCallable.php:43
[28-Dec-2017 07:00:01 UTC] PHP  15. Slim\App->Slim\{closure}() C:\xampp\htdocs\api-beautech\lib\Middlewares\Error503Middleware.php:12
[28-Dec-2017 07:00:01 UTC] PHP  16. call_user_func:{C:\xampp\htdocs\api-beautech\vendor\slim\slim\Slim\MiddlewareAwareTrait.php:70}() C:\xampp\htdocs\api-beautech\vendor\slim\slim\Slim\MiddlewareAwareTrait.php:70
[28-Dec-2017 07:00:01 UTC] PHP  17. Slim\DeferredCallable->__invoke() C:\xampp\htdocs\api-beautech\vendor\slim\slim\Slim\MiddlewareAwareTrait.php:70
[28-Dec-2017 07:00:01 UTC] PHP  18. call_user_func_array:{C:\xampp\htdocs\api-beautech\vendor\slim\slim\Slim\DeferredCallable.php:43}() C:\xampp\htdocs\api-beautech\vendor\slim\slim\Slim\DeferredCallable.php:43
[28-Dec-2017 07:00:01 UTC] PHP  19. Lib\Middlewares\HeadersMiddleware->__invoke() C:\xampp\htdocs\api-beautech\vendor\slim\slim\Slim\DeferredCallable.php:43
[28-Dec-2017 07:00:01 UTC] PHP  20. Slim\App->__invoke() C:\xampp\htdocs\api-beautech\lib\Middlewares\HeadersMiddleware.php:9
[28-Dec-2017 07:00:01 UTC] PHP  21. Slim\Route->run() C:\xampp\htdocs\api-beautech\vendor\slim\slim\Slim\App.php:495
[28-Dec-2017 07:00:01 UTC] PHP  22. Slim\Route->callMiddlewareStack() C:\xampp\htdocs\api-beautech\vendor\slim\slim\Slim\Route.php:313
[28-Dec-2017 07:00:01 UTC] PHP  23. Slim\Route->__invoke() C:\xampp\htdocs\api-beautech\vendor\slim\slim\Slim\MiddlewareAwareTrait.php:117
[28-Dec-2017 07:00:01 UTC] PHP  24. Slim\Handlers\Strategies\RequestResponse->__invoke() C:\xampp\htdocs\api-beautech\vendor\slim\slim\Slim\Route.php:335
[28-Dec-2017 07:00:01 UTC] PHP  25. call_user_func:{C:\xampp\htdocs\api-beautech\vendor\slim\slim\Slim\Handlers\Strategies\RequestResponse.php:41}() C:\xampp\htdocs\api-beautech\vendor\slim\slim\Slim\Handlers\Strategies\RequestResponse.php:41
[28-Dec-2017 07:00:01 UTC] PHP  26. Lib\Controllers\CustomersDetails\ClientsCtrl->setProfileImageFromClient() C:\xampp\htdocs\api-beautech\vendor\slim\slim\Slim\Handlers\Strategies\RequestResponse.php:41
[28-Dec-2017 07:00:01 UTC] PHP  27. Lib\Controllers\CustomersDetails\MediaCtrl::checkMedia() C:\xampp\htdocs\api-beautech\lib\Controllers\CustomersDetails\ClientsCtrl.php:81
[29-Dec-2017 04:43:16 UTC] PHP Warning:  Illegal string offset 'is_correct' in C:\xampp\htdocs\api-beautech\lib\Controllers\CustomersDetails\ClientsCtrl.php on line 118
[29-Dec-2017 04:43:16 UTC] PHP Stack trace:
[29-Dec-2017 04:43:16 UTC] PHP   1. {main}() C:\xampp\htdocs\api-beautech\index.php:0
[29-Dec-2017 04:43:16 UTC] PHP   2. Slim\App->run() C:\xampp\htdocs\api-beautech\index.php:43
[29-Dec-2017 04:43:17 UTC] PHP   3. Slim\App->process() C:\xampp\htdocs\api-beautech\vendor\slim\slim\Slim\App.php:296
[29-Dec-2017 04:43:17 UTC] PHP   4. Slim\App->callMiddlewareStack() C:\xampp\htdocs\api-beautech\vendor\slim\slim\Slim\App.php:388
[29-Dec-2017 04:43:17 UTC] PHP   5. Slim\App->Slim\{closure}() C:\xampp\htdocs\api-beautech\vendor\slim\slim\Slim\MiddlewareAwareTrait.php:117
[29-Dec-2017 04:43:17 UTC] PHP   6. call_user_func:{C:\xampp\htdocs\api-beautech\vendor\slim\slim\Slim\MiddlewareAwareTrait.php:70}() C:\xampp\htdocs\api-beautech\vendor\slim\slim\Slim\MiddlewareAwareTrait.php:70
[29-Dec-2017 04:43:17 UTC] PHP   7. Slim\DeferredCallable->__invoke() C:\xampp\htdocs\api-beautech\vendor\slim\slim\Slim\MiddlewareAwareTrait.php:70
[29-Dec-2017 04:43:17 UTC] PHP   8. call_user_func_array:{C:\xampp\htdocs\api-beautech\vendor\slim\slim\Slim\DeferredCallable.php:43}() C:\xampp\htdocs\api-beautech\vendor\slim\slim\Slim\DeferredCallable.php:43
[29-Dec-2017 04:43:17 UTC] PHP   9. Tuupola\Middleware\Cors->__invoke() C:\xampp\htdocs\api-beautech\vendor\slim\slim\Slim\DeferredCallable.php:43
[29-Dec-2017 04:43:17 UTC] PHP  10. Slim\App->Slim\{closure}() C:\xampp\htdocs\api-beautech\vendor\tuupola\cors-middleware\src\Cors.php:86
[29-Dec-2017 04:43:17 UTC] PHP  11. call_user_func:{C:\xampp\htdocs\api-beautech\vendor\slim\slim\Slim\MiddlewareAwareTrait.php:70}() C:\xampp\htdocs\api-beautech\vendor\slim\slim\Slim\MiddlewareAwareTrait.php:70
[29-Dec-2017 04:43:17 UTC] PHP  12. Slim\DeferredCallable->__invoke() C:\xampp\htdocs\api-beautech\vendor\slim\slim\Slim\MiddlewareAwareTrait.php:70
[29-Dec-2017 04:43:17 UTC] PHP  13. call_user_func_array:{C:\xampp\htdocs\api-beautech\vendor\slim\slim\Slim\DeferredCallable.php:43}() C:\xampp\htdocs\api-beautech\vendor\slim\slim\Slim\DeferredCallable.php:43
[29-Dec-2017 04:43:17 UTC] PHP  14. Lib\Middlewares\Error503Middleware->__invoke() C:\xampp\htdocs\api-beautech\vendor\slim\slim\Slim\DeferredCallable.php:43
[29-Dec-2017 04:43:17 UTC] PHP  15. Slim\App->Slim\{closure}() C:\xampp\htdocs\api-beautech\lib\Middlewares\Error503Middleware.php:12
[29-Dec-2017 04:43:17 UTC] PHP  16. call_user_func:{C:\xampp\htdocs\api-beautech\vendor\slim\slim\Slim\MiddlewareAwareTrait.php:70}() C:\xampp\htdocs\api-beautech\vendor\slim\slim\Slim\MiddlewareAwareTrait.php:70
[29-Dec-2017 04:43:17 UTC] PHP  17. Slim\DeferredCallable->__invoke() C:\xampp\htdocs\api-beautech\vendor\slim\slim\Slim\MiddlewareAwareTrait.php:70
[29-Dec-2017 04:43:17 UTC] PHP  18. call_user_func_array:{C:\xampp\htdocs\api-beautech\vendor\slim\slim\Slim\DeferredCallable.php:43}() C:\xampp\htdocs\api-beautech\vendor\slim\slim\Slim\DeferredCallable.php:43
[29-Dec-2017 04:43:17 UTC] PHP  19. Lib\Middlewares\HeadersMiddleware->__invoke() C:\xampp\htdocs\api-beautech\vendor\slim\slim\Slim\DeferredCallable.php:43
[29-Dec-2017 04:43:17 UTC] PHP  20. Slim\App->__invoke() C:\xampp\htdocs\api-beautech\lib\Middlewares\HeadersMiddleware.php:9
[29-Dec-2017 04:43:17 UTC] PHP  21. Slim\Route->run() C:\xampp\htdocs\api-beautech\vendor\slim\slim\Slim\App.php:495
[29-Dec-2017 04:43:17 UTC] PHP  22. Slim\Route->callMiddlewareStack() C:\xampp\htdocs\api-beautech\vendor\slim\slim\Slim\Route.php:313
[29-Dec-2017 04:43:17 UTC] PHP  23. Slim\Route->__invoke() C:\xampp\htdocs\api-beautech\vendor\slim\slim\Slim\MiddlewareAwareTrait.php:117
[29-Dec-2017 04:43:17 UTC] PHP  24. Slim\Handlers\Strategies\RequestResponse->__invoke() C:\xampp\htdocs\api-beautech\vendor\slim\slim\Slim\Route.php:335
[29-Dec-2017 04:43:17 UTC] PHP  25. call_user_func:{C:\xampp\htdocs\api-beautech\vendor\slim\slim\Slim\Handlers\Strategies\RequestResponse.php:41}() C:\xampp\htdocs\api-beautech\vendor\slim\slim\Slim\Handlers\Strategies\RequestResponse.php:41
[29-Dec-2017 04:43:17 UTC] PHP  26. Lib\Controllers\CustomersDetails\ClientsCtrl->addNoteFromClient() C:\xampp\htdocs\api-beautech\vendor\slim\slim\Slim\Handlers\Strategies\RequestResponse.php:41
[29-Dec-2017 04:43:17 UTC] PHP Notice:  Uninitialized string offset: 0 in C:\xampp\htdocs\api-beautech\lib\Controllers\CustomersDetails\ClientsCtrl.php on line 118
[29-Dec-2017 04:43:17 UTC] PHP Stack trace:
[29-Dec-2017 04:43:17 UTC] PHP   1. {main}() C:\xampp\htdocs\api-beautech\index.php:0
[29-Dec-2017 04:43:17 UTC] PHP   2. Slim\App->run() C:\xampp\htdocs\api-beautech\index.php:43
[29-Dec-2017 04:43:17 UTC] PHP   3. Slim\App->process() C:\xampp\htdocs\api-beautech\vendor\slim\slim\Slim\App.php:296
[29-Dec-2017 04:43:17 UTC] PHP   4. Slim\App->callMiddlewareStack() C:\xampp\htdocs\api-beautech\vendor\slim\slim\Slim\App.php:388
[29-Dec-2017 04:43:17 UTC] PHP   5. Slim\App->Slim\{closure}() C:\xampp\htdocs\api-beautech\vendor\slim\slim\Slim\MiddlewareAwareTrait.php:117
[29-Dec-2017 04:43:17 UTC] PHP   6. call_user_func:{C:\xampp\htdocs\api-beautech\vendor\slim\slim\Slim\MiddlewareAwareTrait.php:70}() C:\xampp\htdocs\api-beautech\vendor\slim\slim\Slim\MiddlewareAwareTrait.php:70
[29-Dec-2017 04:43:17 UTC] PHP   7. Slim\DeferredCallable->__invoke() C:\xampp\htdocs\api-beautech\vendor\slim\slim\Slim\MiddlewareAwareTrait.php:70
[29-Dec-2017 04:43:17 UTC] PHP   8. call_user_func_array:{C:\xampp\htdocs\api-beautech\vendor\slim\slim\Slim\DeferredCallable.php:43}() C:\xampp\htdocs\api-beautech\vendor\slim\slim\Slim\DeferredCallable.php:43
[29-Dec-2017 04:43:17 UTC] PHP   9. Tuupola\Middleware\Cors->__invoke() C:\xampp\htdocs\api-beautech\vendor\slim\slim\Slim\DeferredCallable.php:43
[29-Dec-2017 04:43:17 UTC] PHP  10. Slim\App->Slim\{closure}() C:\xampp\htdocs\api-beautech\vendor\tuupola\cors-middleware\src\Cors.php:86
[29-Dec-2017 04:43:17 UTC] PHP  11. call_user_func:{C:\xampp\htdocs\api-beautech\vendor\slim\slim\Slim\MiddlewareAwareTrait.php:70}() C:\xampp\htdocs\api-beautech\vendor\slim\slim\Slim\MiddlewareAwareTrait.php:70
[29-Dec-2017 04:43:17 UTC] PHP  12. Slim\DeferredCallable->__invoke() C:\xampp\htdocs\api-beautech\vendor\slim\slim\Slim\MiddlewareAwareTrait.php:70
[29-Dec-2017 04:43:17 UTC] PHP  13. call_user_func_array:{C:\xampp\htdocs\api-beautech\vendor\slim\slim\Slim\DeferredCallable.php:43}() C:\xampp\htdocs\api-beautech\vendor\slim\slim\Slim\DeferredCallable.php:43
[29-Dec-2017 04:43:17 UTC] PHP  14. Lib\Middlewares\Error503Middleware->__invoke() C:\xampp\htdocs\api-beautech\vendor\slim\slim\Slim\DeferredCallable.php:43
[29-Dec-2017 04:43:17 UTC] PHP  15. Slim\App->Slim\{closure}() C:\xampp\htdocs\api-beautech\lib\Middlewares\Error503Middleware.php:12
[29-Dec-2017 04:43:17 UTC] PHP  16. call_user_func:{C:\xampp\htdocs\api-beautech\vendor\slim\slim\Slim\MiddlewareAwareTrait.php:70}() C:\xampp\htdocs\api-beautech\vendor\slim\slim\Slim\MiddlewareAwareTrait.php:70
[29-Dec-2017 04:43:17 UTC] PHP  17. Slim\DeferredCallable->__invoke() C:\xampp\htdocs\api-beautech\vendor\slim\slim\Slim\MiddlewareAwareTrait.php:70
[29-Dec-2017 04:43:17 UTC] PHP  18. call_user_func_array:{C:\xampp\htdocs\api-beautech\vendor\slim\slim\Slim\DeferredCallable.php:43}() C:\xampp\htdocs\api-beautech\vendor\slim\slim\Slim\DeferredCallable.php:43
[29-Dec-2017 04:43:17 UTC] PHP  19. Lib\Middlewares\HeadersMiddleware->__invoke() C:\xampp\htdocs\api-beautech\vendor\slim\slim\Slim\DeferredCallable.php:43
[29-Dec-2017 04:43:17 UTC] PHP  20. Slim\App->__invoke() C:\xampp\htdocs\api-beautech\lib\Middlewares\HeadersMiddleware.php:9
[29-Dec-2017 04:43:17 UTC] PHP  21. Slim\Route->run() C:\xampp\htdocs\api-beautech\vendor\slim\slim\Slim\App.php:495
[29-Dec-2017 04:43:17 UTC] PHP  22. Slim\Route->callMiddlewareStack() C:\xampp\htdocs\api-beautech\vendor\slim\slim\Slim\Route.php:313
[29-Dec-2017 04:43:17 UTC] PHP  23. Slim\Route->__invoke() C:\xampp\htdocs\api-beautech\vendor\slim\slim\Slim\MiddlewareAwareTrait.php:117
[29-Dec-2017 04:43:17 UTC] PHP  24. Slim\Handlers\Strategies\RequestResponse->__invoke() C:\xampp\htdocs\api-beautech\vendor\slim\slim\Slim\Route.php:335
[29-Dec-2017 04:43:17 UTC] PHP  25. call_user_func:{C:\xampp\htdocs\api-beautech\vendor\slim\slim\Slim\Handlers\Strategies\RequestResponse.php:41}() C:\xampp\htdocs\api-beautech\vendor\slim\slim\Slim\Handlers\Strategies\RequestResponse.php:41
[29-Dec-2017 04:43:17 UTC] PHP  26. Lib\Controllers\CustomersDetails\ClientsCtrl->addNoteFromClient() C:\xampp\htdocs\api-beautech\vendor\slim\slim\Slim\Handlers\Strategies\RequestResponse.php:41
[29-Dec-2017 04:43:17 UTC] PHP Warning:  Illegal string offset 'msg' in C:\xampp\htdocs\api-beautech\lib\Controllers\CustomersDetails\ClientsCtrl.php on line 122
[29-Dec-2017 04:43:17 UTC] PHP Stack trace:
[29-Dec-2017 04:43:17 UTC] PHP   1. {main}() C:\xampp\htdocs\api-beautech\index.php:0
[29-Dec-2017 04:43:17 UTC] PHP   2. Slim\App->run() C:\xampp\htdocs\api-beautech\index.php:43
[29-Dec-2017 04:43:17 UTC] PHP   3. Slim\App->process() C:\xampp\htdocs\api-beautech\vendor\slim\slim\Slim\App.php:296
[29-Dec-2017 04:43:17 UTC] PHP   4. Slim\App->callMiddlewareStack() C:\xampp\htdocs\api-beautech\vendor\slim\slim\Slim\App.php:388
[29-Dec-2017 04:43:17 UTC] PHP   5. Slim\App->Slim\{closure}() C:\xampp\htdocs\api-beautech\vendor\slim\slim\Slim\MiddlewareAwareTrait.php:117
[29-Dec-2017 04:43:17 UTC] PHP   6. call_user_func:{C:\xampp\htdocs\api-beautech\vendor\slim\slim\Slim\MiddlewareAwareTrait.php:70}() C:\xampp\htdocs\api-beautech\vendor\slim\slim\Slim\MiddlewareAwareTrait.php:70
[29-Dec-2017 04:43:17 UTC] PHP   7. Slim\DeferredCallable->__invoke() C:\xampp\htdocs\api-beautech\vendor\slim\slim\Slim\MiddlewareAwareTrait.php:70
[29-Dec-2017 04:43:17 UTC] PHP   8. call_user_func_array:{C:\xampp\htdocs\api-beautech\vendor\slim\slim\Slim\DeferredCallable.php:43}() C:\xampp\htdocs\api-beautech\vendor\slim\slim\Slim\DeferredCallable.php:43
[29-Dec-2017 04:43:17 UTC] PHP   9. Tuupola\Middleware\Cors->__invoke() C:\xampp\htdocs\api-beautech\vendor\slim\slim\Slim\DeferredCallable.php:43
[29-Dec-2017 04:43:17 UTC] PHP  10. Slim\App->Slim\{closure}() C:\xampp\htdocs\api-beautech\vendor\tuupola\cors-middleware\src\Cors.php:86
[29-Dec-2017 04:43:17 UTC] PHP  11. call_user_func:{C:\xampp\htdocs\api-beautech\vendor\slim\slim\Slim\MiddlewareAwareTrait.php:70}() C:\xampp\htdocs\api-beautech\vendor\slim\slim\Slim\MiddlewareAwareTrait.php:70
[29-Dec-2017 04:43:17 UTC] PHP  12. Slim\DeferredCallable->__invoke() C:\xampp\htdocs\api-beautech\vendor\slim\slim\Slim\MiddlewareAwareTrait.php:70
[29-Dec-2017 04:43:17 UTC] PHP  13. call_user_func_array:{C:\xampp\htdocs\api-beautech\vendor\slim\slim\Slim\DeferredCallable.php:43}() C:\xampp\htdocs\api-beautech\vendor\slim\slim\Slim\DeferredCallable.php:43
[29-Dec-2017 04:43:17 UTC] PHP  14. Lib\Middlewares\Error503Middleware->__invoke() C:\xampp\htdocs\api-beautech\vendor\slim\slim\Slim\DeferredCallable.php:43
[29-Dec-2017 04:43:17 UTC] PHP  15. Slim\App->Slim\{closure}() C:\xampp\htdocs\api-beautech\lib\Middlewares\Error503Middleware.php:12
[29-Dec-2017 04:43:17 UTC] PHP  16. call_user_func:{C:\xampp\htdocs\api-beautech\vendor\slim\slim\Slim\MiddlewareAwareTrait.php:70}() C:\xampp\htdocs\api-beautech\vendor\slim\slim\Slim\MiddlewareAwareTrait.php:70
[29-Dec-2017 04:43:17 UTC] PHP  17. Slim\DeferredCallable->__invoke() C:\xampp\htdocs\api-beautech\vendor\slim\slim\Slim\MiddlewareAwareTrait.php:70
[29-Dec-2017 04:43:17 UTC] PHP  18. call_user_func_array:{C:\xampp\htdocs\api-beautech\vendor\slim\slim\Slim\DeferredCallable.php:43}() C:\xampp\htdocs\api-beautech\vendor\slim\slim\Slim\DeferredCallable.php:43
[29-Dec-2017 04:43:17 UTC] PHP  19. Lib\Middlewares\HeadersMiddleware->__invoke() C:\xampp\htdocs\api-beautech\vendor\slim\slim\Slim\DeferredCallable.php:43
[29-Dec-2017 04:43:17 UTC] PHP  20. Slim\App->__invoke() C:\xampp\htdocs\api-beautech\lib\Middlewares\HeadersMiddleware.php:9
[29-Dec-2017 04:43:17 UTC] PHP  21. Slim\Route->run() C:\xampp\htdocs\api-beautech\vendor\slim\slim\Slim\App.php:495
[29-Dec-2017 04:43:17 UTC] PHP  22. Slim\Route->callMiddlewareStack() C:\xampp\htdocs\api-beautech\vendor\slim\slim\Slim\Route.php:313
[29-Dec-2017 04:43:17 UTC] PHP  23. Slim\Route->__invoke() C:\xampp\htdocs\api-beautech\vendor\slim\slim\Slim\MiddlewareAwareTrait.php:117
[29-Dec-2017 04:43:17 UTC] PHP  24. Slim\Handlers\Strategies\RequestResponse->__invoke() C:\xampp\htdocs\api-beautech\vendor\slim\slim\Slim\Route.php:335
[29-Dec-2017 04:43:17 UTC] PHP  25. call_user_func:{C:\xampp\htdocs\api-beautech\vendor\slim\slim\Slim\Handlers\Strategies\RequestResponse.php:41}() C:\xampp\htdocs\api-beautech\vendor\slim\slim\Slim\Handlers\Strategies\RequestResponse.php:41
[29-Dec-2017 04:43:17 UTC] PHP  26. Lib\Controllers\CustomersDetails\ClientsCtrl->addNoteFromClient() C:\xampp\htdocs\api-beautech\vendor\slim\slim\Slim\Handlers\Strategies\RequestResponse.php:41
[29-Dec-2017 04:43:17 UTC] PHP Notice:  Uninitialized string offset: 0 in C:\xampp\htdocs\api-beautech\lib\Controllers\CustomersDetails\ClientsCtrl.php on line 122
[29-Dec-2017 04:43:17 UTC] PHP Stack trace:
[29-Dec-2017 04:43:17 UTC] PHP   1. {main}() C:\xampp\htdocs\api-beautech\index.php:0
[29-Dec-2017 04:43:17 UTC] PHP   2. Slim\App->run() C:\xampp\htdocs\api-beautech\index.php:43
[29-Dec-2017 04:43:17 UTC] PHP   3. Slim\App->process() C:\xampp\htdocs\api-beautech\vendor\slim\slim\Slim\App.php:296
[29-Dec-2017 04:43:17 UTC] PHP   4. Slim\App->callMiddlewareStack() C:\xampp\htdocs\api-beautech\vendor\slim\slim\Slim\App.php:388
[29-Dec-2017 04:43:17 UTC] PHP   5. Slim\App->Slim\{closure}() C:\xampp\htdocs\api-beautech\vendor\slim\slim\Slim\MiddlewareAwareTrait.php:117
[29-Dec-2017 04:43:17 UTC] PHP   6. call_user_func:{C:\xampp\htdocs\api-beautech\vendor\slim\slim\Slim\MiddlewareAwareTrait.php:70}() C:\xampp\htdocs\api-beautech\vendor\slim\slim\Slim\MiddlewareAwareTrait.php:70
[29-Dec-2017 04:43:17 UTC] PHP   7. Slim\DeferredCallable->__invoke() C:\xampp\htdocs\api-beautech\vendor\slim\slim\Slim\MiddlewareAwareTrait.php:70
[29-Dec-2017 04:43:17 UTC] PHP   8. call_user_func_array:{C:\xampp\htdocs\api-beautech\vendor\slim\slim\Slim\DeferredCallable.php:43}() C:\xampp\htdocs\api-beautech\vendor\slim\slim\Slim\DeferredCallable.php:43
[29-Dec-2017 04:43:17 UTC] PHP   9. Tuupola\Middleware\Cors->__invoke() C:\xampp\htdocs\api-beautech\vendor\slim\slim\Slim\DeferredCallable.php:43
[29-Dec-2017 04:43:17 UTC] PHP  10. Slim\App->Slim\{closure}() C:\xampp\htdocs\api-beautech\vendor\tuupola\cors-middleware\src\Cors.php:86
[29-Dec-2017 04:43:17 UTC] PHP  11. call_user_func:{C:\xampp\htdocs\api-beautech\vendor\slim\slim\Slim\MiddlewareAwareTrait.php:70}() C:\xampp\htdocs\api-beautech\vendor\slim\slim\Slim\MiddlewareAwareTrait.php:70
[29-Dec-2017 04:43:17 UTC] PHP  12. Slim\DeferredCallable->__invoke() C:\xampp\htdocs\api-beautech\vendor\slim\slim\Slim\MiddlewareAwareTrait.php:70
[29-Dec-2017 04:43:17 UTC] PHP  13. call_user_func_array:{C:\xampp\htdocs\api-beautech\vendor\slim\slim\Slim\DeferredCallable.php:43}() C:\xampp\htdocs\api-beautech\vendor\slim\slim\Slim\DeferredCallable.php:43
[29-Dec-2017 04:43:17 UTC] PHP  14. Lib\Middlewares\Error503Middleware->__invoke() C:\xampp\htdocs\api-beautech\vendor\slim\slim\Slim\DeferredCallable.php:43
[29-Dec-2017 04:43:17 UTC] PHP  15. Slim\App->Slim\{closure}() C:\xampp\htdocs\api-beautech\lib\Middlewares\Error503Middleware.php:12
[29-Dec-2017 04:43:17 UTC] PHP  16. call_user_func:{C:\xampp\htdocs\api-beautech\vendor\slim\slim\Slim\MiddlewareAwareTrait.php:70}() C:\xampp\htdocs\api-beautech\vendor\slim\slim\Slim\MiddlewareAwareTrait.php:70
[29-Dec-2017 04:43:17 UTC] PHP  17. Slim\DeferredCallable->__invoke() C:\xampp\htdocs\api-beautech\vendor\slim\slim\Slim\MiddlewareAwareTrait.php:70
[29-Dec-2017 04:43:17 UTC] PHP  18. call_user_func_array:{C:\xampp\htdocs\api-beautech\vendor\slim\slim\Slim\DeferredCallable.php:43}() C:\xampp\htdocs\api-beautech\vendor\slim\slim\Slim\DeferredCallable.php:43
[29-Dec-2017 04:43:17 UTC] PHP  19. Lib\Middlewares\HeadersMiddleware->__invoke() C:\xampp\htdocs\api-beautech\vendor\slim\slim\Slim\DeferredCallable.php:43
[29-Dec-2017 04:43:17 UTC] PHP  20. Slim\App->__invoke() C:\xampp\htdocs\api-beautech\lib\Middlewares\HeadersMiddleware.php:9
[29-Dec-2017 04:43:17 UTC] PHP  21. Slim\Route->run() C:\xampp\htdocs\api-beautech\vendor\slim\slim\Slim\App.php:495
[29-Dec-2017 04:43:17 UTC] PHP  22. Slim\Route->callMiddlewareStack() C:\xampp\htdocs\api-beautech\vendor\slim\slim\Slim\Route.php:313
[29-Dec-2017 04:43:17 UTC] PHP  23. Slim\Route->__invoke() C:\xampp\htdocs\api-beautech\vendor\slim\slim\Slim\MiddlewareAwareTrait.php:117
[29-Dec-2017 04:43:17 UTC] PHP  24. Slim\Handlers\Strategies\RequestResponse->__invoke() C:\xampp\htdocs\api-beautech\vendor\slim\slim\Slim\Route.php:335
[29-Dec-2017 04:43:17 UTC] PHP  25. call_user_func:{C:\xampp\htdocs\api-beautech\vendor\slim\slim\Slim\Handlers\Strategies\RequestResponse.php:41}() C:\xampp\htdocs\api-beautech\vendor\slim\slim\Slim\Handlers\Strategies\RequestResponse.php:41
[29-Dec-2017 04:43:17 UTC] PHP  26. Lib\Controllers\CustomersDetails\ClientsCtrl->addNoteFromClient() C:\xampp\htdocs\api-beautech\vendor\slim\slim\Slim\Handlers\Strategies\RequestResponse.php:41
